Buildfile: build.xml

init:
    [mkdir] Created dir: /home/dtftest/build/dtf/build/dtf
    [mkdir] Created dir: /home/dtftest/build/dtf/build/dtf/classes
    [mkdir] Created dir: /home/dtftest/build/dtf/build/dtf/dist
    [mkdir] Created dir: /home/dtftest/build/dtf/build/dtf/dist/lib
    [mkdir] Created dir: /home/dtftest/build/dtf/build/dtf/dist/tests

junit.init:

compile:
    [javac] Compiling 529 source files to /home/dtftest/build/dtf/build/dtf/classes
    [javac] Note: /home/dtftest/build/dtf/src/java/com/yahoo/dtf/config/Config.java uses or overrides a deprecated API.
    [javac] Note: Recompile with -Xlint:deprecation for details.
    [javac] Note: Some input files use unchecked or unsafe operations.
    [javac] Note: Recompile with -Xlint:unchecked for details.
     [copy] Copying 10 files to /home/dtftest/build/dtf/build/dtf/classes

dist:
      [jar] Building jar: /home/dtftest/build/dtf/build/dtf/dist/lib/dtf.jar
     [copy] Copying 22 files to /home/dtftest/build/dtf/build/dtf/dist/lib
     [copy] Copying 6 files to /home/dtftest/build/dtf/build/dtf/dist
     [copy] Copying 242 files to /home/dtftest/build/dtf/build/dtf/dist/tests
     [copy] Copying 10 files to /home/dtftest/build/dtf/build/dtf/dist/xsl
     [copy] Copying 1 file to /home/dtftest/build/dtf/build/dtf/dist
    [unzip] Expanding: /home/dtftest/build/dtf/external/apache-ant-1.6.0.zip into /home/dtftest/build/dtf/build/dtf/dist

init:

distplugins:

tar:
      [tar] Building tar: /home/dtftest/build/dtf/build/dtf/dtf.tar.gz
      [tar] Entry: apache-ant-1.6.0/docs/manual/api/org/apache/tools/ant/taskdefs/optional/sitraka/bytecode/attributes/ longer than 100 characters.
      [tar] Resulting tar file can only be processed successfully by GNU compatible tar commands

build:
     [echo] DTF build at /home/dtftest/build/dtf/build/dtf/dist

BUILD SUCCESSFUL
Total time: 19 seconds
Buildfile: build.xml

init:
    [mkdir] Created dir: /home/dtftest/build/dtf/build/dtf
    [mkdir] Created dir: /home/dtftest/build/dtf/build/dtf/classes
    [mkdir] Created dir: /home/dtftest/build/dtf/build/dtf/dist
    [mkdir] Created dir: /home/dtftest/build/dtf/build/dtf/dist/lib
    [mkdir] Created dir: /home/dtftest/build/dtf/build/dtf/dist/tests

junit.init:

compile:
    [javac] Compiling 529 source files to /home/dtftest/build/dtf/build/dtf/classes
    [javac] Note: /home/dtftest/build/dtf/src/java/com/yahoo/dtf/config/Config.java uses or overrides a deprecated API.
    [javac] Note: Recompile with -Xlint:deprecation for details.
    [javac] Note: Some input files use unchecked or unsafe operations.
    [javac] Note: Recompile with -Xlint:unchecked for details.
     [copy] Copying 10 files to /home/dtftest/build/dtf/build/dtf/classes

dist:
      [jar] Building jar: /home/dtftest/build/dtf/build/dtf/dist/lib/dtf.jar
     [copy] Copying 22 files to /home/dtftest/build/dtf/build/dtf/dist/lib
     [copy] Copying 6 files to /home/dtftest/build/dtf/build/dtf/dist
     [copy] Copying 242 files to /home/dtftest/build/dtf/build/dtf/dist/tests
     [copy] Copying 10 files to /home/dtftest/build/dtf/build/dtf/dist/xsl
     [copy] Copying 1 file to /home/dtftest/build/dtf/build/dtf/dist
    [unzip] Expanding: /home/dtftest/build/dtf/external/apache-ant-1.6.0.zip into /home/dtftest/build/dtf/build/dtf/dist

init:

distplugins:

tar:
      [tar] Building tar: /home/dtftest/build/dtf/build/dtf/dtf.tar.gz
      [tar] Entry: apache-ant-1.6.0/docs/manual/api/org/apache/tools/ant/taskdefs/optional/sitraka/bytecode/attributes/ longer than 100 characters.
      [tar] Resulting tar file can only be processed successfully by GNU compatible tar commands

build:
     [echo] DTF build at /home/dtftest/build/dtf/build/dtf/dist

BUILD SUCCESSFUL
Total time: 19 seconds
