Buildfile: build.xml

junit.init:

junit:
    [mkdir] Created dir: /home/dtftest/build/dtf/build/dtf/junit_results
    [junit] WARNING: multiple versions of ant detected in path for junit 
    [junit]          jar:file:/usr/share/ant/lib/ant.jar!/org/apache/tools/ant/Project.class
    [junit]      and jar:file:/home/dtftest/build/dtf/build/dtf/dist/lib/selenium-server.jar!/org/apache/tools/ant/Project.class
    [junit] Running com.yahoo.dtf.junit.ByteUtilSuite
    [junit] Tests run: 2, Failures: 0, Errors: 0, Time elapsed: 0.406 sec
    [junit] Running com.yahoo.dtf.junit.CompHookSuite
    [junit] INFO  16/01/2011 19:49:38 Comm            - Host address [127.0.0.1]
    [junit] INFO  16/01/2011 19:49:38 CommRMIServer   - Listening at [30000]
    [junit] INFO  16/01/2011 19:49:38 Comm            - DTFC Setup.
    [junit] INFO  16/01/2011 19:49:38 DebugServer     - Listening at 127.0.0.1:40000
    [junit] INFO  16/01/2011 19:49:38 CompHookSuite   - 
    [junit] INFO  16/01/2011 19:49:38 CompHookSuite   - Testing ComponentHooks with:
    [junit] INFO  16/01/2011 19:49:38 CompHookSuite   -  * 10000 properties created.
    [junit] INFO  16/01/2011 19:49:38 CompHookSuite   -  * 128 components locked.
    [junit] INFO  16/01/2011 19:49:38 CompHookSuite   -  * dummy communication layer being used.
    [junit] INFO  16/01/2011 19:49:38 CompHookSuite   - 
    [junit] #
    [junit] # A fatal error has been detected by the Java Runtime Environment:
    [junit] #
    [junit] #  SIGSEGV (0xb) at pc=0xb6e046c1, pid=869, tid=3031382896
    [junit] #
    [junit] # JRE version: 6.0_20-b02
    [junit] # Java VM: Java HotSpot(TM) Client VM (16.3-b01 mixed mode, sharing linux-x86 )
    [junit] # Problematic frame:
    [junit] # V  [libjvm.so+0x5a6c1]
    [junit] #
    [junit] # An error report file with more information is saved as:
    [junit] # /home/dtftest/build/dtf/hs_err_pid869.log
    [junit] #
    [junit] # If you would like to submit a bug report, please visit:
    [junit] #   http://java.sun.com/webapps/bugreport/crash.jsp
    [junit] #
    [junit] Running com.yahoo.dtf.junit.CompHookSuite
    [junit] Tests run: 1, Failures: 0, Errors: 1, Time elapsed: 0 sec

BUILD FAILED
/home/dtftest/build/dtf/build.xml:513: Test com.yahoo.dtf.junit.CompHookSuite failed (crashed)

Total time: 11 seconds
