[gh-pages 9ff2b31] Test results for 31-12-2010.07:03:13
 Committer: dtftest <dtftest@localhost.(none)>
Your name and email address were configured automatically based
on your username and hostname. Please check that they are accurate.
You can suppress this message by setting them explicitly:

    git config --global user.name "Your Name"
    git config --global user.email you@example.com

If the identity used for this commit is wrong, you can fix it with:

    git commit --amend --author='Your Name <you@example.com>'

 75 files changed, 5328 insertions(+), 5109 deletions(-)
 rewrite results/html/com/yahoo/dtf/junit/10_NumberUtilSuite-out.txt (91%)
 rewrite results/html/com/yahoo/dtf/junit/12_RandomGenSuite-out.txt (87%)
 rewrite results/html/com/yahoo/dtf/junit/17_StreamingSuite-out.txt (70%)
 rewrite results/html/com/yahoo/dtf/junit/2_CompHookSuite-out.txt (88%)
 rewrite results/html/com/yahoo/dtf/junit/6_EventSuite-out.txt (96%)
 rewrite results/html/com/yahoo/dtf/junit/8_LockHookSuite-out.txt (87%)
 rewrite results/html/dtf/0_unittests-out.txt (71%)
 rewrite results/logs/junit.log (61%)
 rewrite results/logs/ut.log (62%)
 rewrite results/script-ut.out (71%)
To ssh://git@github.com/rlgomes/dtf.git
   8e78d6e..9ff2b31  gh-pages -> gh-pages
