Buildfile: build.xml

init:
     [echo] Creating log dir ./logs/08-01-2011.03.18.39
    [mkdir] Created dir: /home/dtftest/build/dtf/build/dtf/dist/logs/08-01-2011.03.18.39

run_ut:

init:
     [echo] Creating log dir ./logs/08-01-2011.03.18.39

run_test:

init:
     [echo] Creating log dir ./logs/08-01-2011.03.18.39

run_components:
     [echo] Starting up dtfc
     [echo] logging to ./logs/08-01-2011.03.18.39/dtfc.*.log
     [echo] Starting DTFA1...
     [echo] logging to ./logs/08-01-2011.03.18.39/dtfa-1.*.log
     [echo] Starting DTFA2...
     [echo] logging to ./logs/08-01-2011.03.18.39/dtfa-2.*.log
     [echo] Starting DTFA3...
     [echo] logging to ./logs/08-01-2011.03.18.39/dtfa-3.*.log

init:
     [echo] Creating log dir ./logs/08-01-2011.03.18.39

run_dtfx:
     [java] INFO  08/01/2011 03:18:47 DebugServer     - Listening at 127.0.0.1:40004
     [java] INFO  08/01/2011 03:18:47 Comm            - Host address [127.0.0.1]
     [java] INFO  08/01/2011 03:18:47 CommRMIServer   - Listening at [30003]
     [java] INFO  08/01/2011 03:18:47 Comm            - DTFX Setup.
     [java] INFO  08/01/2011 03:18:51 Echo            - *** Executing DTF Unit Tests ***
     [java] INFO  08/01/2011 03:18:51 Result          - Starting Result recording: Result {uri=storage://OUTPUT/TEST_ut_results.xml}
     [java] INFO  08/01/2011 03:18:51 Testsuite       - Starting unittests
     [java] INFO  08/01/2011 03:18:51 Testscript      - Executing storage://INPUT/state_management.xml
     [java] INFO  08/01/2011 03:18:51 Rename          - Node name is dtfx-3
     [java] INFO  08/01/2011 03:18:52 Lockcomponent   - Locked dtfa-0 as DTFA1
     [java] WARN  08/01/2011 03:18:52 DTFInputStream  - Using a DTFStream as a String that is 5242880 bytes can be quite inefficient. There are better ways of streaming large amounts of data in DTF.
     [java] INFO  08/01/2011 03:18:56 Testscript      - Executing storage://INPUT/storage.xml
     [java] INFO  08/01/2011 03:18:56 Testscript      - Executing storage://INPUT/echo.xml
     [java] INFO  08/01/2011 03:18:56 Rename          - Node name is dtfx-4
     [java] INFO  08/01/2011 03:18:56 Lockcomponent   - Locked dtfa-1 as DTFA1
     [java] INFO  08/01/2011 03:18:56 Echo            - a : b : c
     [java] INFO  08/01/2011 03:18:56 Testscript      - Executing storage://INPUT/sleep.xml
     [java] INFO  08/01/2011 03:18:57 Rename          - Node name is dtfx-5
     [java] INFO  08/01/2011 03:18:57 Lockcomponent   - Locked dtfa-2 as C1
     [java] INFO  08/01/2011 03:18:57 Testscript      - Executing storage://INPUT/loadproperties.xml
     [java] INFO  08/01/2011 03:18:57 Echo            - The previous loadproperties should succeed.
     [java] INFO  08/01/2011 03:18:57 Echo            - dtf.test.property1 = property value1
     [java] INFO  08/01/2011 03:18:57 Testscript      - Executing storage://INPUT/property_resolution.xml
     [java] INFO  08/01/2011 03:18:58 Rename          - Node name is dtfx-6
     [java] INFO  08/01/2011 03:18:58 Lockcomponent   - Locked dtfa-0 as DTFA1
     [java] INFO  08/01/2011 03:18:58 Testscript      - Executing storage://INPUT/property.xml
     [java] INFO  08/01/2011 03:18:58 Echo            - value1
     [java] INFO  08/01/2011 03:18:58 Echo            - {
     [java] 	"ydht": {  
     [java]     	"fields": { 
     [java]             "hello": { "value": "world2" }, 
     [java]             "somearray1": {  
     [java]                 "value" : {
     [java]                     "v1": { "value": 1 }, 
     [java]                     "v2": { "value": 2 }, 
     [java]                     "v3": { "value": 3 } 
     [java]             	}
     [java]             }
     [java]         }
     [java]     }
     [java] }

     [java] INFO  08/01/2011 03:18:58 Echo            - 
     [java]         Contents of the property come from the child text node like this one,
     [java]         which will continue to look just like this in the property itself.
     [java]         
     [java]         test1: value1
     [java]         
     [java] INFO  08/01/2011 03:18:58 Log             - Data matches!
     [java] INFO  08/01/2011 03:18:58 Log             - Caught property recursion correctly.
     [java] INFO  08/01/2011 03:18:58 Log             - Caught nested property recursion correctly.
     [java] INFO  08/01/2011 03:18:58 Log             - value2value2value2
     [java] INFO  08/01/2011 03:18:58 Testscript      - Executing storage://INPUT/cat.xml
     [java] INFO  08/01/2011 03:18:58 Log             - Caught exception correctly [Unable to find storage: CACA at tests/ut/cat.xml:51:10]
     [java] INFO  08/01/2011 03:18:58 Testscript      - Executing storage://INPUT/log.xml
     [java] INFO  08/01/2011 03:18:59 Log             - Just testing the logging functionality
     [java] INFO  08/01/2011 03:18:59 Log             - INFO INFO INFO
     [java] ERROR 08/01/2011 03:18:59 Log             - ERROR ERROR ERROR
     [java] WARN  08/01/2011 03:18:59 Log             - WARNING WARNING WARNING
     [java] INFO  08/01/2011 03:18:59 Log             - INFO with tag TESTING
     [java] ERROR 08/01/2011 03:18:59 Log             - ERROR with tag TESTING
     [java] WARN  08/01/2011 03:18:59 Log             - WARNING with tag TESTING
     [java] INFO  08/01/2011 03:18:59 Testscript      - Executing storage://INPUT/for.xml
     [java] INFO  08/01/2011 03:18:59 Import          - Importing elements from Import {uri=storage://INPUT/util.xml}
     [java] INFO  08/01/2011 03:18:59 Testscript      - Executing storage://INPUT/parallel.xml
     [java] INFO  08/01/2011 03:18:59 Testscript      - Executing storage://INPUT/parallelloop.xml
     [java] INFO  08/01/2011 03:18:59 Testscript      - Executing storage://INPUT/sequence.xml
     [java] INFO  08/01/2011 03:18:59 Echo            - HERE
     [java] INFO  08/01/2011 03:18:59 Echo            - HERE
     [java] INFO  08/01/2011 03:18:59 Testscript      - Executing storage://INPUT/timer.xml
     [java] INFO  08/01/2011 03:18:59 Timer           - Timer took 132ms of 100ms.
     [java] INFO  08/01/2011 03:18:59 Testscript      - Executing storage://INPUT/switch.xml
     [java] INFO  08/01/2011 03:19:00 Import          - Importing elements from Import {uri=storage://INPUT/util.xml}
     [java] INFO  08/01/2011 03:19:00 Log             - Switch case #1
     [java] INFO  08/01/2011 03:19:00 Log             - Switch case #2
     [java] INFO  08/01/2011 03:19:00 Log             - Looped through switch and function call correctly.
     [java] INFO  08/01/2011 03:19:00 Log             - Switch case #2
     [java] INFO  08/01/2011 03:19:00 Log             - Looped through switch and function call correctly.
     [java] INFO  08/01/2011 03:19:00 Log             - Looped through switch and function call correctly.
     [java] INFO  08/01/2011 03:19:00 Log             - Switch went into the failure case correctly.
     [java] INFO  08/01/2011 03:19:00 Testscript      - Executing storage://INPUT/while.xml
     [java] INFO  08/01/2011 03:19:00 Log             - Thread 1 is starting.
     [java] INFO  08/01/2011 03:19:00 Log             - Thread 2 is starting.
     [java] INFO  08/01/2011 03:19:00 Log             - Thread 2 is done.
     [java] INFO  08/01/2011 03:19:00 Log             - Thread 1 is done.
     [java] INFO  08/01/2011 03:19:00 Testscript      - Executing storage://INPUT/break.xml
     [java] INFO  08/01/2011 03:19:00 Rename          - Node name is dtfx-7
     [java] INFO  08/01/2011 03:19:00 Lockcomponent   - Locked dtfa-1 as C1
     [java] INFO  08/01/2011 03:19:00 Timer           - Timer took 1ms of 30000ms.
     [java] INFO  08/01/2011 03:19:01 Testscript      - Executing storage://INPUT/try_catch_fail.xml
     [java] INFO  08/01/2011 03:19:01 Rename          - Node name is dtfx-8
     [java] INFO  08/01/2011 03:19:01 Lockcomponent   - Locked dtfa-2 as DTFA1
     [java] INFO  08/01/2011 03:19:01 Echo            - Try/Catch and Fail Unit Test
     [java] INFO  08/01/2011 03:19:01 Echo            - The previous statement has failed correctly.
     [java] INFO  08/01/2011 03:19:01 Echo            - Caught the exception on outter try/catch.
     [java] INFO  08/01/2011 03:19:01 Echo            - Message: Failure should be caught by catch. at tests/ut/try_catch_fail.xml:40:77
     [java] INFO  08/01/2011 03:19:01 Echo            - Caught exception from remote component.
     [java] INFO  08/01/2011 03:19:01 Echo            - Message: Failing on component at tests/ut/try_catch_fail.xml:66:46 on component [DTFA1]
     [java] INFO  08/01/2011 03:19:01 Testscript      - Executing storage://INPUT/fail.xml
     [java] INFO  08/01/2011 03:19:01 Rename          - Node name is dtfx-9
     [java] INFO  08/01/2011 03:19:01 Lockcomponent   - Locked dtfa-0 as DTFA
     [java] INFO  08/01/2011 03:19:01 Testscript      - Executing storage://INPUT/distribute.xml
     [java] INFO  08/01/2011 03:19:03 Testscript      - Executing storage://INPUT/choices.xml
     [java] INFO  08/01/2011 03:19:03 Import          - Importing elements from Import {uri=storage://INPUT/util.xml}
     [java] INFO  08/01/2011 03:19:03 Testscript      - Executing storage://INPUT/if.xml
     [java] INFO  08/01/2011 03:19:03 Testscript      - Executing storage://INPUT/similar.xml
     [java] INFO  08/01/2011 03:19:04 Log             - png: being checked
     [java] INFO  08/01/2011 03:19:04 Log             - images are within 100% similarity
     [java] INFO  08/01/2011 03:19:04 Log             - gif: being checked
     [java] INFO  08/01/2011 03:19:04 Log             - images are within 100% similarity
     [java] INFO  08/01/2011 03:19:04 Log             - bmp: being checked
     [java] INFO  08/01/2011 03:19:04 Log             - images are within 100% similarity
     [java] INFO  08/01/2011 03:19:04 Testscript      - Executing storage://INPUT/createrange.xml
     [java] INFO  08/01/2011 03:19:04 Testscript      - Executing storage://INPUT/range.xml
     [java] INFO  08/01/2011 03:19:04 Testscript      - Executing storage://INPUT/range_dist.xml
     [java] INFO  08/01/2011 03:19:04 Rename          - Node name is dtfx-10
     [java] INFO  08/01/2011 03:19:04 Lockcomponent   - Locked dtfa-1 as C1
     [java] INFO  08/01/2011 03:19:06 Testscript      - Executing storage://INPUT/xml_range.xml
     [java] INFO  08/01/2011 03:19:06 Log             - XPath range validation
     [java] INFO  08/01/2011 03:19:06 Log             - XPath range validation on XML with namespace
     [java] INFO  08/01/2011 03:19:06 Log             - XPath range validation on XML with default namespace
     [java] INFO  08/01/2011 03:19:06 Log             - negative tests
     [java] INFO  08/01/2011 03:19:06 Log             - Failed correctly
     [java] INFO  08/01/2011 03:19:06 Testscript      - Executing storage://INPUT/json_range.xml
     [java] INFO  08/01/2011 03:19:06 Log             - JPath range validation
     [java] INFO  08/01/2011 03:19:06 Log             - Negative Tests
     [java] INFO  08/01/2011 03:19:06 Log             - Failed correctly
     [java] INFO  08/01/2011 03:19:06 Testscript      - Executing storage://INPUT/functions.xml
     [java] INFO  08/01/2011 03:19:07 Import          - Importing elements from Import {uri=storage://INPUT/util.xml}
     [java] INFO  08/01/2011 03:19:07 Import          - Importing elements from Import {uri=storage://INPUT/functions_util.xml}
     [java] WARN  08/01/2011 03:19:07 Function        - Argument [function] not being used by the function [func2]
     [java] WARN  08/01/2011 03:19:07 Function        - Argument [function] not being used by the function [func3]
     [java] WARN  08/01/2011 03:19:07 Function        - Argument [p3] not being used by the function [functionWithParams]
     [java] INFO  08/01/2011 03:19:07 Testscript      - Executing storage://INPUT/import.xml
     [java] INFO  08/01/2011 03:19:07 Import          - Importing elements from Import {uri=storage://INPUT/functions_util.xml}
     [java] INFO  08/01/2011 03:19:07 Import          - Importing elements from Import {uri=storage://TINPUT/functions.xml}
     [java] WARN  08/01/2011 03:19:08 Function        - Argument [function] not being used by the function [func2]
     [java] WARN  08/01/2011 03:19:08 Function        - Argument [function] not being used by the function [func3]
     [java] INFO  08/01/2011 03:19:08 Import          - Importing elements from Import {uri=storage://INPUT/badxml}
     [java] INFO  08/01/2011 03:19:08 Testscript      - Executing storage://INPUT/export.xml
     [java] INFO  08/01/2011 03:19:08 Import          - Importing elements from Import {uri=storage://INPUT/export_util.xml}
     [java] INFO  08/01/2011 03:19:08 Rename          - Node name is dtfx-11
     [java] INFO  08/01/2011 03:19:08 Lockcomponent   - Locked dtfa-2 as DTFA1
     [java] INFO  08/01/2011 03:19:08 Log             - Got exception as expected.
     [java] INFO  08/01/2011 03:19:08 Testscript      - Executing storage://INPUT/references.xml
     [java] INFO  08/01/2011 03:19:08 Import          - Importing elements from Import {uri=storage://INPUT/util.xml}
     [java] INFO  08/01/2011 03:19:08 Rename          - Node name is dtfx-12
     [java] INFO  08/01/2011 03:19:08 Lockcomponent   - Locked dtfa-0 as DTFA1
     [java] INFO  08/01/2011 03:19:09 Testscript      - Executing storage://INPUT/component.xml
     [java] INFO  08/01/2011 03:19:09 Rename          - Node name is dtfx-13
     [java] INFO  08/01/2011 03:19:09 Lockcomponent   - Locked dtfa-1 as DTFA1
     [java] INFO  08/01/2011 03:19:09 Echo            - About to lock a dtfa by name and this will fail.
     [java] INFO  08/01/2011 03:19:10 Testscript      - Executing storage://INPUT/lockcomponent.xml
     [java] INFO  08/01/2011 03:19:10 Rename          - Node name is dtfx-14
     [java] INFO  08/01/2011 03:19:11 Lockcomponent   - Locked dtfa-0 as DTFA2
     [java] INFO  08/01/2011 03:19:11 Lockcomponent   - Locked dtfa-2 as DTFA1
     [java] INFO  08/01/2011 03:19:11 Lockcomponent   - Locked dtfa-1 as DTFA3
     [java] INFO  08/01/2011 03:19:11 Unlockcomponent - Unlocking dtfa-1
     [java] INFO  08/01/2011 03:19:11 Unlockcomponent - Unlocking dtfa-0
     [java] INFO  08/01/2011 03:19:11 Unlockcomponent - Component unlocked DTFA3
     [java] INFO  08/01/2011 03:19:11 Unlockcomponent - Component unlocked DTFA2
     [java] INFO  08/01/2011 03:19:11 Lockcomponent   - Locked dtfa-1 as DTFA2
     [java] INFO  08/01/2011 03:19:11 Unlockcomponent - Unlocking dtfa-1
     [java] INFO  08/01/2011 03:19:11 Unlockcomponent - Unlocking dtfa-2
     [java] INFO  08/01/2011 03:19:11 Lockcomponent   - Locked dtfa-0 as DTFA3
     [java] INFO  08/01/2011 03:19:11 Unlockcomponent - Component unlocked DTFA2
     [java] INFO  08/01/2011 03:19:11 Unlockcomponent - Component unlocked DTFA1
     [java] INFO  08/01/2011 03:19:11 Lockcomponent   - Locked dtfa-2 as DTFA2
     [java] INFO  08/01/2011 03:19:11 Unlockcomponent - Unlocking dtfa-0
     [java] INFO  08/01/2011 03:19:11 Unlockcomponent - Component unlocked DTFA3
     [java] INFO  08/01/2011 03:19:11 Unlockcomponent - Unlocking dtfa-2
     [java] INFO  08/01/2011 03:19:11 Lockcomponent   - Locked dtfa-1 as DTFA1
     [java] INFO  08/01/2011 03:19:11 Unlockcomponent - Unlocking dtfa-1
     [java] INFO  08/01/2011 03:19:11 Unlockcomponent - Component unlocked DTFA2
     [java] INFO  08/01/2011 03:19:11 Unlockcomponent - Component unlocked DTFA1
     [java] INFO  08/01/2011 03:19:11 Lockcomponent   - Locked dtfa-0 as DTFA1
     [java] INFO  08/01/2011 03:19:11 Lockcomponent   - Locked dtfa-2 as DTFA3
     [java] INFO  08/01/2011 03:19:11 Unlockcomponent - Unlocking dtfa-0
     [java] INFO  08/01/2011 03:19:11 Unlockcomponent - Component unlocked DTFA1
     [java] INFO  08/01/2011 03:19:11 Unlockcomponent - Unlocking dtfa-2
     [java] INFO  08/01/2011 03:19:11 Unlockcomponent - Component unlocked DTFA3
     [java] INFO  08/01/2011 03:19:11 Testsuite       - Starting lockcomponent
     [java] INFO  08/01/2011 03:19:11 Testscript      - Executing storage://INPUT/occupy_component.xml
     [java] INFO  08/01/2011 03:19:11 Testsuite       - Starting lockcomponent
     [java] INFO  08/01/2011 03:19:11 Testscript      - Executing storage://INPUT/occupy_component.xml
     [java] INFO  08/01/2011 03:19:11 Testsuite       - Starting lockcomponent
     [java] INFO  08/01/2011 03:19:11 Testscript      - Executing storage://INPUT/occupy_component.xml
     [java] INFO  08/01/2011 03:19:11 Rename          - Node name is dtfx-15
     [java] INFO  08/01/2011 03:19:11 Lockcomponent   - Locked dtfa-0 as C1
     [java] INFO  08/01/2011 03:19:12 Testsuite       - Starting lockcomponent
     [java] INFO  08/01/2011 03:19:12 Testscript      - Executing storage://INPUT/occupy_component.xml
     [java] INFO  08/01/2011 03:19:12 Rename          - Node name is dtfx-16
     [java] INFO  08/01/2011 03:19:12 Lockcomponent   - Locked dtfa-1 as C1
     [java] INFO  08/01/2011 03:19:12 Testsuite       - Starting lockcomponent
     [java] INFO  08/01/2011 03:19:12 Testscript      - Executing storage://INPUT/occupy_component.xml
     [java] INFO  08/01/2011 03:19:12 Rename          - Node name is dtfx-17
     [java] INFO  08/01/2011 03:19:12 Rename          - Node name is dtfx-18
     [java] INFO  08/01/2011 03:19:12 Lockcomponent   - Locked dtfa-2 as C1
     [java] INFO  08/01/2011 03:19:12 Lockcomponent   - Locked dtfa-0 as C1
     [java] INFO  08/01/2011 03:19:12 Rename          - Node name is dtfx-19
     [java] INFO  08/01/2011 03:19:12 Lockcomponent   - Locked dtfa-1 as C1
     [java] INFO  08/01/2011 03:19:12 Testsuite       - Starting lockcomponent
     [java] INFO  08/01/2011 03:19:12 Testscript      - Executing storage://INPUT/occupy_component.xml
     [java] INFO  08/01/2011 03:19:12 Testsuite       - Starting lockcomponent
     [java] INFO  08/01/2011 03:19:12 Testscript      - Executing storage://INPUT/occupy_component.xml
     [java] INFO  08/01/2011 03:19:12 Testsuite       - Starting lockcomponent
     [java] INFO  08/01/2011 03:19:12 Testscript      - Executing storage://INPUT/occupy_component.xml
     [java] INFO  08/01/2011 03:19:13 Rename          - Node name is dtfx-20
     [java] INFO  08/01/2011 03:19:13 Rename          - Node name is dtfx-21
     [java] INFO  08/01/2011 03:19:13 Lockcomponent   - Locked dtfa-2 as C1
     [java] INFO  08/01/2011 03:19:13 Rename          - Node name is dtfx-22
     [java] INFO  08/01/2011 03:19:13 Lockcomponent   - Locked dtfa-0 as C1
     [java] INFO  08/01/2011 03:19:13 Testsuite       - Starting lockcomponent
     [java] INFO  08/01/2011 03:19:13 Testscript      - Executing storage://INPUT/occupy_component.xml
     [java] INFO  08/01/2011 03:19:13 Lockcomponent   - Locked dtfa-1 as C1
     [java] INFO  08/01/2011 03:19:13 Rename          - Node name is dtfx-23
     [java] INFO  08/01/2011 03:19:13 Lockcomponent   - Locked dtfa-0 as C1
     [java] INFO  08/01/2011 03:19:13 Testsuite       - Starting lockcomponent
     [java] INFO  08/01/2011 03:19:13 Testscript      - Executing storage://INPUT/parallel_occupy_component.xml
     [java] INFO  08/01/2011 03:19:13 Rename          - Node name is dtfx-24
     [java] INFO  08/01/2011 03:19:13 Lockcomponent   - Locked dtfa-1 as C1
     [java] INFO  08/01/2011 03:19:13 Lockcomponent   - Locked dtfa-0 as C3
     [java] INFO  08/01/2011 03:19:13 Lockcomponent   - Locked dtfa-2 as C2
     [java] INFO  08/01/2011 03:19:14 Lockcomponent   - Locked dtfa-0 as C1
     [java] INFO  08/01/2011 03:19:14 Unlockcomponent - Unlocking dtfa-0
     [java] INFO  08/01/2011 03:19:14 Unlockcomponent - Component unlocked C1
     [java] INFO  08/01/2011 03:19:14 Testsuite       - Starting lockcomponent
     [java] INFO  08/01/2011 03:19:14 Testscript      - Executing storage://INPUT/function_occupy_component.xml
     [java] INFO  08/01/2011 03:19:14 Rename          - Node name is dtfx-25
     [java] INFO  08/01/2011 03:19:14 Lockcomponent   - Locked dtfa-1 as C1
     [java] INFO  08/01/2011 03:19:14 Lockcomponent   - Locked dtfa-2 as C2
     [java] INFO  08/01/2011 03:19:14 Lockcomponent   - Locked dtfa-0 as C3
     [java] INFO  08/01/2011 03:19:14 Lockcomponent   - Locked dtfa-0 as C1
     [java] INFO  08/01/2011 03:19:14 Unlockcomponent - Unlocking dtfa-0
     [java] INFO  08/01/2011 03:19:14 Unlockcomponent - Component unlocked C1
     [java] INFO  08/01/2011 03:19:14 Testscript      - Executing storage://INPUT/lockgroup.xml
     [java] INFO  08/01/2011 03:19:14 Rename          - Node name is dtfx-26
     [java] INFO  08/01/2011 03:19:14 Lockcomponent   - Locked dtfa-1 as DTFA1-1
     [java] INFO  08/01/2011 03:19:14 Lockcomponent   - Locked dtfa-2 as DTFA2-1
     [java] INFO  08/01/2011 03:19:14 Unlockcomponent - Unlocking dtfa-1
     [java] INFO  08/01/2011 03:19:14 Unlockcomponent - Component unlocked DTFA1-1
     [java] INFO  08/01/2011 03:19:14 Unlockcomponent - Unlocking dtfa-2
     [java] INFO  08/01/2011 03:19:14 Unlockcomponent - Component unlocked DTFA2-1
     [java] INFO  08/01/2011 03:19:14 Lockcomponent   - Locked dtfa-2 as DTFA1-2
     [java] INFO  08/01/2011 03:19:14 Lockcomponent   - Locked dtfa-1 as DTFA2-2
     [java] INFO  08/01/2011 03:19:14 Unlockcomponent - Unlocking dtfa-2
     [java] INFO  08/01/2011 03:19:14 Unlockcomponent - Component unlocked DTFA1-2
     [java] INFO  08/01/2011 03:19:14 Unlockcomponent - Unlocking dtfa-1
     [java] INFO  08/01/2011 03:19:14 Unlockcomponent - Component unlocked DTFA2-2
     [java] INFO  08/01/2011 03:19:14 Lockcomponent   - Locked dtfa-0 as DTFA1-1
     [java] INFO  08/01/2011 03:19:14 Lockcomponent   - Locked dtfa-2 as DTFA2-1
     [java] INFO  08/01/2011 03:19:14 Unlockcomponent - Unlocking dtfa-0
     [java] INFO  08/01/2011 03:19:14 Unlockcomponent - Component unlocked DTFA1-1
     [java] INFO  08/01/2011 03:19:14 Unlockcomponent - Unlocking dtfa-2
     [java] INFO  08/01/2011 03:19:14 Unlockcomponent - Component unlocked DTFA2-1
     [java] INFO  08/01/2011 03:19:15 Lockcomponent   - Locked dtfa-0 as DTFA1-2
     [java] INFO  08/01/2011 03:19:15 Lockcomponent   - Locked dtfa-1 as DTFA2-2
     [java] INFO  08/01/2011 03:19:15 Unlockcomponent - Unlocking dtfa-0
     [java] INFO  08/01/2011 03:19:15 Unlockcomponent - Component unlocked DTFA1-2
     [java] INFO  08/01/2011 03:19:15 Unlockcomponent - Unlocking dtfa-1
     [java] INFO  08/01/2011 03:19:15 Unlockcomponent - Component unlocked DTFA2-2
     [java] INFO  08/01/2011 03:19:15 Lockcomponent   - Locked dtfa-1 as DTFA1-1
     [java] INFO  08/01/2011 03:19:15 Lockcomponent   - Locked dtfa-2 as DTFA2-1
     [java] INFO  08/01/2011 03:19:15 Unlockcomponent - Unlocking dtfa-1
     [java] INFO  08/01/2011 03:19:15 Unlockcomponent - Component unlocked DTFA1-1
     [java] INFO  08/01/2011 03:19:15 Unlockcomponent - Unlocking dtfa-2
     [java] INFO  08/01/2011 03:19:15 Unlockcomponent - Component unlocked DTFA2-1
     [java] INFO  08/01/2011 03:19:15 Lockcomponent   - Locked dtfa-2 as DTFA1-2
     [java] INFO  08/01/2011 03:19:15 Lockcomponent   - Locked dtfa-1 as DTFA2-2
     [java] INFO  08/01/2011 03:19:15 Unlockcomponent - Unlocking dtfa-2
     [java] INFO  08/01/2011 03:19:15 Unlockcomponent - Component unlocked DTFA1-2
     [java] INFO  08/01/2011 03:19:15 Unlockcomponent - Unlocking dtfa-1
     [java] INFO  08/01/2011 03:19:15 Unlockcomponent - Component unlocked DTFA2-2
     [java] INFO  08/01/2011 03:19:15 Lockcomponent   - Locked dtfa-0 as DTFA1-1
     [java] INFO  08/01/2011 03:19:15 Lockcomponent   - Locked dtfa-2 as DTFA2-1
     [java] INFO  08/01/2011 03:19:15 Unlockcomponent - Unlocking dtfa-0
     [java] INFO  08/01/2011 03:19:15 Unlockcomponent - Component unlocked DTFA1-1
     [java] INFO  08/01/2011 03:19:15 Unlockcomponent - Unlocking dtfa-2
     [java] INFO  08/01/2011 03:19:15 Unlockcomponent - Component unlocked DTFA2-1
     [java] INFO  08/01/2011 03:19:15 Lockcomponent   - Locked dtfa-0 as DTFA1-2
     [java] INFO  08/01/2011 03:19:15 Lockcomponent   - Locked dtfa-1 as DTFA2-2
     [java] INFO  08/01/2011 03:19:15 Unlockcomponent - Unlocking dtfa-0
     [java] INFO  08/01/2011 03:19:15 Unlockcomponent - Component unlocked DTFA1-2
     [java] INFO  08/01/2011 03:19:15 Unlockcomponent - Unlocking dtfa-1
     [java] INFO  08/01/2011 03:19:15 Unlockcomponent - Component unlocked DTFA2-2
     [java] INFO  08/01/2011 03:19:15 Lockcomponent   - Locked dtfa-1 as DTFA1-1
     [java] INFO  08/01/2011 03:19:15 Lockcomponent   - Locked dtfa-2 as DTFA2-1
     [java] INFO  08/01/2011 03:19:15 Unlockcomponent - Unlocking dtfa-1
     [java] INFO  08/01/2011 03:19:15 Unlockcomponent - Component unlocked DTFA1-1
     [java] INFO  08/01/2011 03:19:15 Unlockcomponent - Unlocking dtfa-2
     [java] INFO  08/01/2011 03:19:15 Unlockcomponent - Component unlocked DTFA2-1
     [java] INFO  08/01/2011 03:19:15 Lockcomponent   - Locked dtfa-2 as DTFA1-2
     [java] INFO  08/01/2011 03:19:15 Lockcomponent   - Locked dtfa-1 as DTFA2-2
     [java] INFO  08/01/2011 03:19:15 Unlockcomponent - Unlocking dtfa-2
     [java] INFO  08/01/2011 03:19:15 Unlockcomponent - Component unlocked DTFA1-2
     [java] INFO  08/01/2011 03:19:15 Unlockcomponent - Unlocking dtfa-1
     [java] INFO  08/01/2011 03:19:15 Unlockcomponent - Component unlocked DTFA2-2
     [java] INFO  08/01/2011 03:19:15 Testscript      - Executing storage://INPUT/remotestorage.xml
     [java] INFO  08/01/2011 03:19:16 Rename          - Node name is dtfx-27
     [java] INFO  08/01/2011 03:19:16 Lockcomponent   - Locked dtfa-0 as DTFA1
     [java] INFO  08/01/2011 03:19:16 Lockcomponent   - Locked dtfa-2 as DTFA2
     [java] INFO  08/01/2011 03:19:16 Lockcomponent   - Locked dtfa-1 as DTFA3
     [java] INFO  08/01/2011 03:19:16 Log             - DTFA1
     [java] INFO  08/01/2011 03:19:16 Log             - DTFA2
     [java] INFO  08/01/2011 03:19:16 Log             - DTFA3
     [java] INFO  08/01/2011 03:19:17 Log             - Parallel Overwrites
     [java] INFO  08/01/2011 03:19:17 Log             - Sequential Appends
     [java] INFO  08/01/2011 03:19:18 Log             - Parallel Appends
     [java] INFO  08/01/2011 03:19:18 Testscript      - Executing storage://INPUT/recorder.xml
     [java] INFO  08/01/2011 03:19:18 Rename          - Node name is dtfx-28
     [java] INFO  08/01/2011 03:19:18 Lockcomponent   - Locked dtfa-2 as DTFA1
     [java] INFO  08/01/2011 03:19:18 Log             - TXT Recorder Unit Tests
     [java] INFO  08/01/2011 03:19:18 Log             - Object Recorder Unit Tests
     [java] INFO  08/01/2011 03:19:18 Echo            - Previous event started at: 1294456758635
     [java] INFO  08/01/2011 03:19:18 Echo            - Previous event ended at: 1294456758635
     [java] INFO  08/01/2011 03:19:18 Echo            - Previous event had property1 set to: 1
     [java] INFO  08/01/2011 03:19:18 Echo            - Previous event started at: 1294456758635
     [java] INFO  08/01/2011 03:19:18 Echo            - Previous event ended at: 1294456758635
     [java] INFO  08/01/2011 03:19:18 Echo            - Previous event had property1 set to: 1
     [java] INFO  08/01/2011 03:19:18 Log             - Caught exception correctly [Unable to find storage: SOMEWHERE at tests/ut/recorder.xml:87:10]
     [java] INFO  08/01/2011 03:19:18 Log             - Caught exception correctly [Unsupported recorder type [caca] at tests/ut/recorder.xml:95:10]
     [java] INFO  08/01/2011 03:19:18 Testscript      - Executing storage://INPUT/stats_recorder.xml
     [java] INFO  08/01/2011 03:19:18 Testscript      - Executing storage://INPUT/query.xml
     [java] INFO  08/01/2011 03:19:19 Log             - 1: abcxyzup
     [java] INFO  08/01/2011 03:19:19 Log             - 5: abcxyzup
     [java] INFO  08/01/2011 03:19:19 Log             - Total Ops 5
     [java] INFO  08/01/2011 03:19:19 Testsuite       - Starting query
     [java] INFO  08/01/2011 03:19:19 Testscript      - Executing storage://INPUT/query_testcase.xml
     [java] INFO  08/01/2011 03:19:19 Log             - Queries per second: 1000
     [java] INFO  08/01/2011 03:19:19 Log             - Complex queries for txt format
     [java] INFO  08/01/2011 03:19:19 Echo            - All done iterating correctly.
     [java] INFO  08/01/2011 03:19:19 Echo            - All done iterating correctly.
     [java] INFO  08/01/2011 03:19:19 Echo            - All done iterating correctly.
     [java] INFO  08/01/2011 03:19:19 Resetcursor     - Resetting curosr [element2]
     [java] INFO  08/01/2011 03:19:19 Echo            - All done iterating correctly.
     [java] INFO  08/01/2011 03:19:20 Log             - caca
     [java] INFO  08/01/2011 03:19:20 Testscript      - Executing storage://INPUT/event.xml
     [java] INFO  08/01/2011 03:19:20 Echo            - Counter Unit Tests
     [java] INFO  08/01/2011 03:19:20 ConsoleRecorder - {dtf.echo.start=1294456760384, dtf.echo.stop=1294456760384, dtf.echo.iteration=1}
     [java] INFO  08/01/2011 03:19:20 ConsoleRecorder - {dtf.echo.start=1294456760385, dtf.echo.stop=1294456760385, dtf.echo.iteration=2}
     [java] INFO  08/01/2011 03:19:20 ConsoleRecorder - {dtf.echo.start=1294456760385, dtf.echo.stop=1294456760385, dtf.echo.iteration=3}
     [java] INFO  08/01/2011 03:19:20 ConsoleRecorder - {dtf.echo.start=1294456760385, dtf.echo.stop=1294456760385, dtf.echo.iteration=4}
     [java] INFO  08/01/2011 03:19:20 ConsoleRecorder - {dtf.echo.start=1294456760386, dtf.echo.stop=1294456760386, dtf.echo.iteration=5}
     [java] INFO  08/01/2011 03:19:20 Rename          - Node name is dtfx-29
     [java] INFO  08/01/2011 03:19:20 Lockcomponent   - Locked dtfa-1 as DTFA1
     [java] INFO  08/01/2011 03:19:20 Testscript      - Executing storage://INPUT/event_visibility.xml
     [java] INFO  08/01/2011 03:19:20 Rename          - Node name is dtfx-30
     [java] INFO  08/01/2011 03:19:20 Lockcomponent   - Locked dtfa-0 as C1
     [java] INFO  08/01/2011 03:19:21 Testscript      - Executing storage://INPUT/compare.xml
     [java] INFO  08/01/2011 03:19:21 Import          - Importing elements from Import {uri=storage://INPUT/perfutil.xml}
     [java] INFO  08/01/2011 03:19:21 Testscript      - Executing storage://INPUT/filter.xml
     [java] INFO  08/01/2011 03:19:21 Import          - Importing elements from Import {uri=storage://INPUT/util.xml}
     [java] INFO  08/01/2011 03:19:21 Testscript      - Executing storage://INPUT/sort.xml
     [java] INFO  08/01/2011 03:19:21 Import          - Importing elements from Import {uri=storage://INPUT/perfutil.xml}
     [java] INFO  08/01/2011 03:19:22 Testscript      - Executing storage://INPUT/testsuite.xml
     [java] INFO  08/01/2011 03:19:22 Result          - Starting Result recording: Result {uri=storage://OUTPUT/testsuite_results.xml}
     [java] INFO  08/01/2011 03:19:22 Testsuite       - Starting testsuite1
     [java] INFO  08/01/2011 03:19:22 Testscript      - Executing storage://INPUT/testcase.xml
     [java] INFO  08/01/2011 03:19:22 Result          - Starting Result recording: Result {uri=storage://OUTPUT/testcase_result2.xml}
     [java] INFO  08/01/2011 03:19:22 Testscript      - Executing storage://INPUT/donothing.xml
     [java] INFO  08/01/2011 03:19:22 Result          - Stopping Result recording: Result {uri=storage://OUTPUT/testcase_result2.xml}
     [java] INFO  08/01/2011 03:19:22 Testscript      - Executing storage://INPUT/testcase.xml
     [java] INFO  08/01/2011 03:19:22 Result          - Starting Result recording: Result {uri=storage://OUTPUT/testcase_result2.xml}
     [java] INFO  08/01/2011 03:19:22 Testscript      - Executing storage://INPUT/donothing.xml
     [java] INFO  08/01/2011 03:19:22 Result          - Stopping Result recording: Result {uri=storage://OUTPUT/testcase_result2.xml}
     [java] INFO  08/01/2011 03:19:22 Testscript      - Executing storage://INPUT/testcase.xml
     [java] INFO  08/01/2011 03:19:22 Result          - Starting Result recording: Result {uri=storage://OUTPUT/testcase_result2.xml}
     [java] INFO  08/01/2011 03:19:22 Testscript      - Executing storage://INPUT/donothing.xml
     [java] INFO  08/01/2011 03:19:22 Result          - Stopping Result recording: Result {uri=storage://OUTPUT/testcase_result2.xml}
     [java] INFO  08/01/2011 03:19:22 Testscript      - Executing storage://INPUT/testsuite-sub.xml
     [java] INFO  08/01/2011 03:19:22 Testsuite       - Starting testsuite2
     [java] INFO  08/01/2011 03:19:22 Testscript      - Executing storage://INPUT/testcase.xml
     [java] INFO  08/01/2011 03:19:22 Result          - Starting Result recording: Result {uri=storage://OUTPUT/testcase_result2.xml}
     [java] INFO  08/01/2011 03:19:22 Testscript      - Executing storage://INPUT/donothing.xml
     [java] INFO  08/01/2011 03:19:22 Result          - Stopping Result recording: Result {uri=storage://OUTPUT/testcase_result2.xml}
     [java] INFO  08/01/2011 03:19:22 Testscript      - Executing storage://INPUT/testcase.xml
     [java] INFO  08/01/2011 03:19:23 Result          - Starting Result recording: Result {uri=storage://OUTPUT/testcase_result2.xml}
     [java] INFO  08/01/2011 03:19:23 Testscript      - Executing storage://INPUT/donothing.xml
     [java] INFO  08/01/2011 03:19:23 Result          - Stopping Result recording: Result {uri=storage://OUTPUT/testcase_result2.xml}
     [java] INFO  08/01/2011 03:19:23 Testscript      - Executing storage://INPUT/testcase.xml
     [java] INFO  08/01/2011 03:19:23 Result          - Starting Result recording: Result {uri=storage://OUTPUT/testcase_result2.xml}
     [java] INFO  08/01/2011 03:19:23 Testscript      - Executing storage://INPUT/donothing.xml
     [java] INFO  08/01/2011 03:19:23 Result          - Stopping Result recording: Result {uri=storage://OUTPUT/testcase_result2.xml}
     [java] INFO  08/01/2011 03:19:23 Result          - Stopping Result recording: Result {uri=storage://OUTPUT/testsuite_results.xml}
     [java] INFO  08/01/2011 03:19:23 Testscript      - Executing storage://INPUT/results.xml
     [java] INFO  08/01/2011 03:19:23 Result          - Starting Result recording: Result {uri=storage://OUTPUT/results_output.${results.type}}
     [java] INFO  08/01/2011 03:19:23 Testsuite       - Starting results
     [java] INFO  08/01/2011 03:19:23 Testscript      - Executing storage://INPUT/testcase.xml
     [java] INFO  08/01/2011 03:19:23 Result          - Starting Result recording: Result {uri=storage://OUTPUT/testcase_result2.xml}
     [java] INFO  08/01/2011 03:19:23 Testscript      - Executing storage://INPUT/donothing.xml
     [java] INFO  08/01/2011 03:19:23 Result          - Stopping Result recording: Result {uri=storage://OUTPUT/testcase_result2.xml}
     [java] INFO  08/01/2011 03:19:23 Testscript      - Executing storage://INPUT/testcase.xml
     [java] INFO  08/01/2011 03:19:23 Result          - Starting Result recording: Result {uri=storage://OUTPUT/testcase_result2.xml}
     [java] INFO  08/01/2011 03:19:23 Testscript      - Executing storage://INPUT/donothing.xml
     [java] INFO  08/01/2011 03:19:23 Result          - Stopping Result recording: Result {uri=storage://OUTPUT/testcase_result2.xml}
     [java] INFO  08/01/2011 03:19:23 Testscript      - Executing storage://INPUT/testcase.xml
     [java] INFO  08/01/2011 03:19:23 Result          - Starting Result recording: Result {uri=storage://OUTPUT/testcase_result2.xml}
     [java] INFO  08/01/2011 03:19:23 Testscript      - Executing storage://INPUT/donothing.xml
     [java] INFO  08/01/2011 03:19:23 Result          - Stopping Result recording: Result {uri=storage://OUTPUT/testcase_result2.xml}
     [java] INFO  08/01/2011 03:19:23 Testscript      - Executing storage://INPUT/testsuite-sub.xml
     [java] INFO  08/01/2011 03:19:23 Testsuite       - Starting testsuite2
     [java] INFO  08/01/2011 03:19:23 Testscript      - Executing storage://INPUT/testcase.xml
     [java] INFO  08/01/2011 03:19:23 Result          - Starting Result recording: Result {uri=storage://OUTPUT/testcase_result2.xml}
     [java] INFO  08/01/2011 03:19:23 Testscript      - Executing storage://INPUT/donothing.xml
     [java] INFO  08/01/2011 03:19:23 Result          - Stopping Result recording: Result {uri=storage://OUTPUT/testcase_result2.xml}
     [java] INFO  08/01/2011 03:19:23 Testscript      - Executing storage://INPUT/testcase.xml
     [java] INFO  08/01/2011 03:19:24 Result          - Starting Result recording: Result {uri=storage://OUTPUT/testcase_result2.xml}
     [java] INFO  08/01/2011 03:19:24 Testscript      - Executing storage://INPUT/donothing.xml
     [java] INFO  08/01/2011 03:19:24 Result          - Stopping Result recording: Result {uri=storage://OUTPUT/testcase_result2.xml}
     [java] INFO  08/01/2011 03:19:24 Testscript      - Executing storage://INPUT/testcase.xml
     [java] INFO  08/01/2011 03:19:24 Result          - Starting Result recording: Result {uri=storage://OUTPUT/testcase_result2.xml}
     [java] INFO  08/01/2011 03:19:24 Testscript      - Executing storage://INPUT/donothing.xml
     [java] INFO  08/01/2011 03:19:24 Result          - Stopping Result recording: Result {uri=storage://OUTPUT/testcase_result2.xml}
     [java] INFO  08/01/2011 03:19:24 Result          - Stopping Result recording: Result {uri=storage://OUTPUT/results_output.${results.type}}
     [java] INFO  08/01/2011 03:19:24 Result          - Starting Result recording: Result {uri=storage://OUTPUT/results_output.${results.type}}
     [java] INFO  08/01/2011 03:19:24 Testsuite       - Starting results
     [java] INFO  08/01/2011 03:19:24 Testscript      - Executing storage://INPUT/testcase.xml
     [java] INFO  08/01/2011 03:19:24 Result          - Starting Result recording: Result {uri=storage://OUTPUT/testcase_result2.xml}
     [java] INFO  08/01/2011 03:19:24 Testscript      - Executing storage://INPUT/donothing.xml
     [java] INFO  08/01/2011 03:19:24 Result          - Stopping Result recording: Result {uri=storage://OUTPUT/testcase_result2.xml}
     [java] INFO  08/01/2011 03:19:24 Testscript      - Executing storage://INPUT/testcase.xml
     [java] INFO  08/01/2011 03:19:24 Result          - Starting Result recording: Result {uri=storage://OUTPUT/testcase_result2.xml}
     [java] INFO  08/01/2011 03:19:24 Testscript      - Executing storage://INPUT/donothing.xml
     [java] INFO  08/01/2011 03:19:24 Result          - Stopping Result recording: Result {uri=storage://OUTPUT/testcase_result2.xml}
     [java] INFO  08/01/2011 03:19:24 Testscript      - Executing storage://INPUT/testcase.xml
     [java] INFO  08/01/2011 03:19:24 Result          - Starting Result recording: Result {uri=storage://OUTPUT/testcase_result2.xml}
     [java] INFO  08/01/2011 03:19:24 Testscript      - Executing storage://INPUT/donothing.xml
     [java] INFO  08/01/2011 03:19:24 Result          - Stopping Result recording: Result {uri=storage://OUTPUT/testcase_result2.xml}
     [java] INFO  08/01/2011 03:19:24 Testscript      - Executing storage://INPUT/testsuite-sub.xml
     [java] INFO  08/01/2011 03:19:24 Testsuite       - Starting testsuite2
     [java] INFO  08/01/2011 03:19:24 Testscript      - Executing storage://INPUT/testcase.xml
     [java] INFO  08/01/2011 03:19:24 Result          - Starting Result recording: Result {uri=storage://OUTPUT/testcase_result2.xml}
     [java] INFO  08/01/2011 03:19:24 Testscript      - Executing storage://INPUT/donothing.xml
     [java] INFO  08/01/2011 03:19:24 Result          - Stopping Result recording: Result {uri=storage://OUTPUT/testcase_result2.xml}
     [java] INFO  08/01/2011 03:19:24 Testscript      - Executing storage://INPUT/testcase.xml
     [java] INFO  08/01/2011 03:19:24 Result          - Starting Result recording: Result {uri=storage://OUTPUT/testcase_result2.xml}
     [java] INFO  08/01/2011 03:19:24 Testscript      - Executing storage://INPUT/donothing.xml
     [java] INFO  08/01/2011 03:19:25 Result          - Stopping Result recording: Result {uri=storage://OUTPUT/testcase_result2.xml}
     [java] INFO  08/01/2011 03:19:25 Testscript      - Executing storage://INPUT/testcase.xml
     [java] INFO  08/01/2011 03:19:25 Result          - Starting Result recording: Result {uri=storage://OUTPUT/testcase_result2.xml}
     [java] INFO  08/01/2011 03:19:25 Testscript      - Executing storage://INPUT/donothing.xml
     [java] INFO  08/01/2011 03:19:25 Result          - Stopping Result recording: Result {uri=storage://OUTPUT/testcase_result2.xml}
     [java] INFO  08/01/2011 03:19:25 ConsoleResults  - Testsuite: results passed. 13 passed testcases.
     [java] INFO  08/01/2011 03:19:25 Result          - Stopping Result recording: Result {uri=storage://OUTPUT/results_output.${results.type}}
     [java] INFO  08/01/2011 03:19:25 Result          - Starting Result recording: Result {uri=storage://OUTPUT/results_output.${results.type}}
     [java] INFO  08/01/2011 03:19:25 Testsuite       - Starting results
     [java] INFO  08/01/2011 03:19:25 Testscript      - Executing storage://INPUT/testcase.xml
     [java] INFO  08/01/2011 03:19:25 Result          - Starting Result recording: Result {uri=storage://OUTPUT/testcase_result2.xml}
     [java] INFO  08/01/2011 03:19:25 Testscript      - Executing storage://INPUT/donothing.xml
     [java] INFO  08/01/2011 03:19:25 Result          - Stopping Result recording: Result {uri=storage://OUTPUT/testcase_result2.xml}
     [java] INFO  08/01/2011 03:19:25 Testscript      - Executing storage://INPUT/testcase.xml
     [java] INFO  08/01/2011 03:19:25 Result          - Starting Result recording: Result {uri=storage://OUTPUT/testcase_result2.xml}
     [java] INFO  08/01/2011 03:19:25 Testscript      - Executing storage://INPUT/donothing.xml
     [java] INFO  08/01/2011 03:19:25 Result          - Stopping Result recording: Result {uri=storage://OUTPUT/testcase_result2.xml}
     [java] INFO  08/01/2011 03:19:25 Testscript      - Executing storage://INPUT/testcase.xml
     [java] INFO  08/01/2011 03:19:25 Result          - Starting Result recording: Result {uri=storage://OUTPUT/testcase_result2.xml}
     [java] INFO  08/01/2011 03:19:25 Testscript      - Executing storage://INPUT/donothing.xml
     [java] INFO  08/01/2011 03:19:25 Result          - Stopping Result recording: Result {uri=storage://OUTPUT/testcase_result2.xml}
     [java] INFO  08/01/2011 03:19:25 Testscript      - Executing storage://INPUT/testsuite-sub.xml
     [java] INFO  08/01/2011 03:19:25 Testsuite       - Starting testsuite2
     [java] INFO  08/01/2011 03:19:25 Testscript      - Executing storage://INPUT/testcase.xml
     [java] INFO  08/01/2011 03:19:25 Result          - Starting Result recording: Result {uri=storage://OUTPUT/testcase_result2.xml}
     [java] INFO  08/01/2011 03:19:25 Testscript      - Executing storage://INPUT/donothing.xml
     [java] INFO  08/01/2011 03:19:25 Result          - Stopping Result recording: Result {uri=storage://OUTPUT/testcase_result2.xml}
     [java] INFO  08/01/2011 03:19:25 Testscript      - Executing storage://INPUT/testcase.xml
     [java] INFO  08/01/2011 03:19:25 Result          - Starting Result recording: Result {uri=storage://OUTPUT/testcase_result2.xml}
     [java] INFO  08/01/2011 03:19:25 Testscript      - Executing storage://INPUT/donothing.xml
     [java] INFO  08/01/2011 03:19:25 Result          - Stopping Result recording: Result {uri=storage://OUTPUT/testcase_result2.xml}
     [java] INFO  08/01/2011 03:19:25 Testscript      - Executing storage://INPUT/testcase.xml
     [java] INFO  08/01/2011 03:19:25 Result          - Starting Result recording: Result {uri=storage://OUTPUT/testcase_result2.xml}
     [java] INFO  08/01/2011 03:19:25 Testscript      - Executing storage://INPUT/donothing.xml
     [java] INFO  08/01/2011 03:19:25 Result          - Stopping Result recording: Result {uri=storage://OUTPUT/testcase_result2.xml}
     [java] INFO  08/01/2011 03:19:25 Result          - Stopping Result recording: Result {uri=storage://OUTPUT/results_output.${results.type}}
     [java] INFO  08/01/2011 03:19:25 Result          - Starting Result recording: Result {uri=storage://OUTPUT/results_result1.${results.type}}
     [java] INFO  08/01/2011 03:19:25 Testscript      - Executing storage://INPUT/testcase.xml
     [java] INFO  08/01/2011 03:19:26 Result          - Starting Result recording: Result {uri=storage://OUTPUT/testcase_result2.xml}
     [java] INFO  08/01/2011 03:19:26 Testscript      - Executing storage://INPUT/donothing.xml
     [java] INFO  08/01/2011 03:19:26 Result          - Stopping Result recording: Result {uri=storage://OUTPUT/testcase_result2.xml}
     [java] INFO  08/01/2011 03:19:26 Result          - Stopping Result recording: Result {uri=storage://OUTPUT/results_result1.${results.type}}
     [java] INFO  08/01/2011 03:19:26 Result          - Starting Result recording: Result {uri=storage://OUTPUT/results_result1.${results.type}}
     [java] INFO  08/01/2011 03:19:26 Testscript      - Executing storage://INPUT/testcase.xml
     [java] INFO  08/01/2011 03:19:26 Result          - Starting Result recording: Result {uri=storage://OUTPUT/testcase_result2.xml}
     [java] INFO  08/01/2011 03:19:26 Testscript      - Executing storage://INPUT/donothing.xml
     [java] INFO  08/01/2011 03:19:26 Result          - Stopping Result recording: Result {uri=storage://OUTPUT/testcase_result2.xml}
     [java] INFO  08/01/2011 03:19:26 Result          - Stopping Result recording: Result {uri=storage://OUTPUT/results_result1.${results.type}}
     [java] INFO  08/01/2011 03:19:26 Testscript      - Executing storage://INPUT/concurrent_suite.xml
     [java] INFO  08/01/2011 03:19:26 Result          - Starting Result recording: Result {uri=storage://OUTPUT/concurrent_suite_results.xml}
     [java] INFO  08/01/2011 03:19:26 Testsuite       - Starting concurrent_suite
     [java] INFO  08/01/2011 03:19:26 Testscript      - Executing storage://INPUT/empty.xml
     [java] INFO  08/01/2011 03:19:26 Testscript      - Executing storage://INPUT/empty.xml
     [java] INFO  08/01/2011 03:19:26 Testscript      - Executing storage://INPUT/empty.xml
     [java] INFO  08/01/2011 03:19:26 Testscript      - Executing storage://INPUT/empty.xml
     [java] INFO  08/01/2011 03:19:26 Testscript      - Executing storage://INPUT/empty.xml
     [java] INFO  08/01/2011 03:19:26 Testscript      - Executing storage://INPUT/empty.xml
     [java] INFO  08/01/2011 03:19:26 Testscript      - Executing storage://INPUT/empty.xml
     [java] INFO  08/01/2011 03:19:26 Testscript      - Executing storage://INPUT/empty.xml
     [java] INFO  08/01/2011 03:19:26 Testscript      - Executing storage://INPUT/empty.xml
     [java] INFO  08/01/2011 03:19:26 Testscript      - Executing storage://INPUT/empty.xml
     [java] INFO  08/01/2011 03:19:26 Result          - Stopping Result recording: Result {uri=storage://OUTPUT/concurrent_suite_results.xml}
     [java] INFO  08/01/2011 03:19:26 Testscript      - Executing storage://INPUT/stats.xml
     [java] INFO  08/01/2011 03:19:27 Resetcursor     - Resetting curosr [cursor1]
     [java] INFO  08/01/2011 03:19:27 Log             - Caught exception correctly [Cursor [inexistent] does not exist at tests/ut/stats.xml:71:10]
     [java] INFO  08/01/2011 03:19:27 Testscript      - Executing storage://INPUT/file.xml
     [java] INFO  08/01/2011 03:19:27 Rename          - Node name is dtfx-31
     [java] INFO  08/01/2011 03:19:27 Lockcomponent   - Locked dtfa-2 as DTFA1
     [java] INFO  08/01/2011 03:19:28 Log             - Caught expected failure.
     [java] INFO  08/01/2011 03:19:28 Testscript      - Executing storage://INPUT/http.xml
     [java] INFO  08/01/2011 03:19:28 Import          - Importing elements from Import {uri=storage://INPUT/http_util.xml}
     [java] INFO  08/01/2011 03:19:28 Http_server     - Starting [127.0.0.1:55555]
     [java] INFO  08/01/2011 03:19:29 Http_server     - Stopping [127.0.0.1:55555]
     [java] INFO  08/01/2011 03:19:29 Testscript      - Executing storage://INPUT/http_server.xml
     [java] INFO  08/01/2011 03:19:29 Import          - Importing elements from Import {uri=storage://INPUT/http_util.xml}
     [java] INFO  08/01/2011 03:19:29 Http_server     - Starting [127.0.0.1:44444]
     [java] INFO  08/01/2011 03:19:29 Log             - SOME DATA FROM THE CLIENT
     [java] INFO  08/01/2011 03:19:29 Log             - in operation1
     [java] INFO  08/01/2011 03:19:29 Log             - in operation2
     [java] INFO  08/01/2011 03:19:29 Log             - in operation3
     [java] INFO  08/01/2011 03:19:29 Log             - Validating that parallel cookie manipulation doesn't hit any issues 
     [java] INFO  08/01/2011 03:19:31 Http_server     - Stopping [127.0.0.1:44444]
     [java] INFO  08/01/2011 03:19:31 Http_server     - Starting [127.0.0.1:44445]
     [java] INFO  08/01/2011 03:19:31 Http_server     - Stopping [127.0.0.1:44445]
     [java] INFO  08/01/2011 03:19:31 Testscript      - Executing storage://INPUT/http_cleanup_test.xml
     [java] INFO  08/01/2011 03:19:32 Import          - Importing elements from Import {uri=storage://INPUT/http_util.xml}
     [java] INFO  08/01/2011 03:19:32 Rename          - Node name is dtfx-32
     [java] INFO  08/01/2011 03:19:32 Http_server     - Starting [127.0.0.1:33333]
     [java] INFO  08/01/2011 03:19:32 Lockcomponent   - Locked dtfa-1 as C1
     [java] INFO  08/01/2011 03:19:32 Lockcomponent   - Locked dtfa-0 as C2
     [java] INFO  08/01/2011 03:19:32 Unlockcomponent - Unlocking dtfa-1
     [java] ERROR 08/01/2011 03:19:32 Client closed connection.
     [java] org.apache.http.ConnectionClosedException: Client closed connection
     [java] 	at org.apache.http.impl.io.HttpRequestParser.parseHead(HttpRequestParser.java:104)
     [java] 	at org.apache.http.impl.io.AbstractMessageParser.parse(AbstractMessageParser.java:210)
     [java] 	at org.apache.http.impl.AbstractHttpServerConnection.receiveRequestHeader(AbstractHttpServerConnection.java:232)
     [java] 	at org.apache.http.protocol.HttpService.handleRequest(HttpService.java:160)
     [java] 	at com.yahoo.dtf.actions.http.server.HTTPRunnable.run(HTTPRunnable.java:35)
     [java] 	at java.util.concurrent.ThreadPoolExecutor$Worker.runTask(ThreadPoolExecutor.java:886)
     [java] 	at java.util.concurrent.ThreadPoolExecutor$Worker.run(ThreadPoolExecutor.java:908)
     [java] 	at java.lang.Thread.run(Thread.java:619)
     [java] INFO  08/01/2011 03:19:32 Unlockcomponent - Component unlocked C1
     [java] INFO  08/01/2011 03:19:32 Unlockcomponent - Unlocking dtfa-0
     [java] ERROR 08/01/2011 03:19:32 Client closed connection.
     [java] org.apache.http.ConnectionClosedException: Client closed connection
     [java] 	at org.apache.http.impl.io.HttpRequestParser.parseHead(HttpRequestParser.java:104)
     [java] 	at org.apache.http.impl.io.AbstractMessageParser.parse(AbstractMessageParser.java:210)
     [java] 	at org.apache.http.impl.AbstractHttpServerConnection.receiveRequestHeader(AbstractHttpServerConnection.java:232)
     [java] 	at org.apache.http.protocol.HttpService.handleRequest(HttpService.java:160)
     [java] 	at com.yahoo.dtf.actions.http.server.HTTPRunnable.run(HTTPRunnable.java:35)
     [java] 	at java.util.concurrent.ThreadPoolExecutor$Worker.runTask(ThreadPoolExecutor.java:886)
     [java] 	at java.util.concurrent.ThreadPoolExecutor$Worker.run(ThreadPoolExecutor.java:908)
     [java] 	at java.lang.Thread.run(Thread.java:619)
     [java] INFO  08/01/2011 03:19:32 Unlockcomponent - Component unlocked C2
     [java] INFO  08/01/2011 03:19:32 Lockcomponent   - Locked dtfa-0 as C1
     [java] INFO  08/01/2011 03:19:32 Lockcomponent   - Locked dtfa-1 as C2
     [java] INFO  08/01/2011 03:19:32 Unlockcomponent - Unlocking dtfa-0
     [java] ERROR 08/01/2011 03:19:32 Client closed connection.
     [java] org.apache.http.ConnectionClosedException: Client closed connection
     [java] 	at org.apache.http.impl.io.HttpRequestParser.parseHead(HttpRequestParser.java:104)
     [java] 	at org.apache.http.impl.io.AbstractMessageParser.parse(AbstractMessageParser.java:210)
     [java] 	at org.apache.http.impl.AbstractHttpServerConnection.receiveRequestHeader(AbstractHttpServerConnection.java:232)
     [java] 	at org.apache.http.protocol.HttpService.handleRequest(HttpService.java:160)
     [java] 	at com.yahoo.dtf.actions.http.server.HTTPRunnable.run(HTTPRunnable.java:35)
     [java] 	at java.util.concurrent.ThreadPoolExecutor$Worker.runTask(ThreadPoolExecutor.java:886)
     [java] 	at java.util.concurrent.ThreadPoolExecutor$Worker.run(ThreadPoolExecutor.java:908)
     [java] 	at java.lang.Thread.run(Thread.java:619)
     [java] INFO  08/01/2011 03:19:32 Unlockcomponent - Component unlocked C1
     [java] INFO  08/01/2011 03:19:32 Unlockcomponent - Unlocking dtfa-1
     [java] ERROR 08/01/2011 03:19:32 Client closed connection.
     [java] org.apache.http.ConnectionClosedException: Client closed connection
     [java] 	at org.apache.http.impl.io.HttpRequestParser.parseHead(HttpRequestParser.java:104)
     [java] 	at org.apache.http.impl.io.AbstractMessageParser.parse(AbstractMessageParser.java:210)
     [java] 	at org.apache.http.impl.AbstractHttpServerConnection.receiveRequestHeader(AbstractHttpServerConnection.java:232)
     [java] 	at org.apache.http.protocol.HttpService.handleRequest(HttpService.java:160)
     [java] 	at com.yahoo.dtf.actions.http.server.HTTPRunnable.run(HTTPRunnable.java:35)
     [java] 	at java.util.concurrent.ThreadPoolExecutor$Worker.runTask(ThreadPoolExecutor.java:886)
     [java] 	at java.util.concurrent.ThreadPoolExecutor$Worker.run(ThreadPoolExecutor.java:908)
     [java] 	at java.lang.Thread.run(Thread.java:619)
     [java] INFO  08/01/2011 03:19:32 Unlockcomponent - Component unlocked C2
     [java] INFO  08/01/2011 03:19:32 Http_server     - Stopping [127.0.0.1:33333]
     [java] INFO  08/01/2011 03:19:32 Testscript      - Executing storage://INPUT/string_manipulation.xml
     [java] INFO  08/01/2011 03:19:33 Testscript      - Executing storage://INPUT/string_transform.xml
     [java] INFO  08/01/2011 03:19:33 Testscript      - Executing storage://INPUT/convert.xml
     [java] INFO  08/01/2011 03:19:33 Import          - Importing elements from Import {uri=storage://INPUT/perfutil.xml}
     [java] INFO  08/01/2011 03:19:33 Testscript      - Executing storage://INPUT/arithmetic.xml
     [java] INFO  08/01/2011 03:19:33 Testscript      - Executing storage://INPUT/random.xml
     [java] INFO  08/01/2011 03:19:34 Import          - Importing elements from Import {uri=storage://INPUT/perfutil.xml}
     [java] INFO  08/01/2011 03:19:34 Log             - Correctness check for randomInt generator
     [java] INFO  08/01/2011 03:19:34 Log             - Correctness check for randomLong generator
     [java] INFO  08/01/2011 03:19:34 Log             - Correctness check for randomDouble generator
     [java] INFO  08/01/2011 03:19:34 Log             - Correctness check for gaussianLong generator
     [java] INFO  08/01/2011 03:19:34 Log             - Correctness check for randomInt generator
     [java] INFO  08/01/2011 03:19:34 Log             - Correctness check for randomLong generator
     [java] INFO  08/01/2011 03:19:34 Log             - Correctness check for randomDouble generator
     [java] INFO  08/01/2011 03:19:34 Log             - Correctness check for gaussianLong generator
     [java] INFO  08/01/2011 03:19:34 Log             - Correctness check for randomInt generator
     [java] INFO  08/01/2011 03:19:34 Log             - Correctness check for randomLong generator
     [java] INFO  08/01/2011 03:19:34 Log             - Correctness check for randomDouble generator
     [java] INFO  08/01/2011 03:19:34 Log             - Correctness check for gaussianLong generator
     [java] INFO  08/01/2011 03:19:34 Testscript      - Executing storage://INPUT/monitor.xml
     [java] INFO  08/01/2011 03:19:34 Rename          - Node name is dtfx-33
     [java] INFO  08/01/2011 03:19:34 Lockcomponent   - Locked dtfa-2 as AGENT1
     [java] INFO  08/01/2011 03:19:34 Monitor_grep    - New files [log-1294456774566.1, log-1294456774566.8, log-1294456774566.4, log-1294456774566.2, log-1294456774566.6, log-1294456774566.7, log-1294456774566.3, log-1294456774566.5, log-1294456774566.10, log-1294456774566.9] in /home/dtftest/build/dtf/build/dtf/dist/tests/ut/output
     [java] INFO  08/01/2011 03:19:34 Log             - Validating data correctness
     [java] INFO  08/01/2011 03:19:34 Testscript      - Executing storage://INPUT/diff.xml
     [java] INFO  08/01/2011 03:19:34 Testscript      - Executing storage://INPUT/xml_xpath.xml
     [java] INFO  08/01/2011 03:19:35 Log             - Correct count of 6 for XPath: //list/item/text()
     [java] INFO  08/01/2011 03:19:35 Log             - Correct count of 6 for XPath: //list/item/@att1
     [java] INFO  08/01/2011 03:19:35 Log             - Correct count of 6 for XPath: //list/item
     [java] INFO  08/01/2011 03:19:35 Log             - Correct count of 3 for XPath: //list/item[@att1 < 4]
     [java] INFO  08/01/2011 03:19:35 Testscript      - Executing storage://INPUT/xml_dynamic.xml
     [java] INFO  08/01/2011 03:19:35 Testscript      - Executing storage://INPUT/json_transform.xml
     [java] INFO  08/01/2011 03:19:35 Testscript      - Executing storage://INPUT/stream.xml
     [java] INFO  08/01/2011 03:19:35 Log             - Validate streams always generate the same data for the same seed.
     [java] INFO  08/01/2011 03:19:38 Testscript      - Executing storage://INPUT/assertions.xml
     [java] INFO  08/01/2011 03:19:38 Testscript      - Executing storage://INPUT/encoding.xml
     [java] INFO  08/01/2011 03:19:38 Testscript      - Executing storage://INPUT/special_characters.xml
     [java] INFO  08/01/2011 03:19:38 Testscript      - Executing storage://INPUT/testscript_component_complex.xml
     [java] INFO  08/01/2011 03:19:39 Testsuite       - Starting dummy
     [java] INFO  08/01/2011 03:19:39 Testscript      - Executing storage://INPUT/occupy_component.xml
     [java] INFO  08/01/2011 03:19:39 Rename          - Node name is dtfx-34
     [java] INFO  08/01/2011 03:19:39 Lockcomponent   - Locked dtfa-2 as C1
     [java] INFO  08/01/2011 03:19:39 Rename          - Node name is dtfx-35
     [java] INFO  08/01/2011 03:19:40 Lockcomponent   - Locked dtfa-2 as C1
     [java] INFO  08/01/2011 03:19:40 Lockcomponent   - Locked dtfa-1 as C2
     [java] INFO  08/01/2011 03:19:40 Testsuite       - Starting dummy
     [java] INFO  08/01/2011 03:19:40 Testscript      - Executing storage://INPUT/occupy_component.xml
     [java] INFO  08/01/2011 03:19:40 Rename          - Node name is dtfx-36
     [java] INFO  08/01/2011 03:19:40 Lockcomponent   - Locked dtfa-0 as C1
     [java] INFO  08/01/2011 03:19:40 Testscript      - Executing storage://INPUT/rendezvous.xml
     [java] INFO  08/01/2011 03:19:40 Log             - Expected timeout has occured.
     [java] INFO  08/01/2011 03:19:41 Testscript      - Executing storage://INPUT/rendezvous_complex.xml
     [java] INFO  08/01/2011 03:19:41 Rename          - Node name is dtfx-37
     [java] INFO  08/01/2011 03:19:41 Lockcomponent   - Locked dtfa-1 as C1
     [java] INFO  08/01/2011 03:19:41 Lockcomponent   - Locked dtfa-2 as C2
     [java] ERROR 08/01/2011 03:19:42 Error running script.
     [java] com.yahoo.dtf.exception.AssertionException: Assertion failed [288 less than 100] at tests/ut/rendezvous_complex.xml:71:13
     [java] 	at com.yahoo.dtf.actions.flowcontrol.Assert.execute(Assert.java:47)
     [java] 	at com.yahoo.dtf.actions.Action.executeChildren(Action.java:192)
     [java] 	at com.yahoo.dtf.actions.basic.Script.execute(Script.java:50)
     [java] 	at com.yahoo.dtf.actions.util.ScriptUtil.executeScript(ScriptUtil.java:49)
     [java] 	at com.yahoo.dtf.actions.basic.Testscript.execute(Testscript.java:72)
     [java] 	at com.yahoo.dtf.actions.Action.executeChildren(Action.java:192)
     [java] 	at com.yahoo.dtf.actions.basic.Testsuite.execute(Testsuite.java:93)
     [java] 	at com.yahoo.dtf.actions.Action.executeChildren(Action.java:192)
     [java] 	at com.yahoo.dtf.actions.results.Result.execute(Result.java:99)
     [java] 	at com.yahoo.dtf.actions.Action.executeChildren(Action.java:192)
     [java] 	at com.yahoo.dtf.actions.basic.Script.execute(Script.java:50)
     [java] 	at com.yahoo.dtf.actions.util.ScriptUtil.executeScript(ScriptUtil.java:49)
     [java] 	at com.yahoo.dtf.DTFNode.run(DTFNode.java:405)
     [java] 	at com.yahoo.dtf.DTFNode.main(DTFNode.java:551)
     [java] ERROR 08/01/2011 03:19:42 Testscript      - Failed [storage://INPUT/rendezvous_complex.xml]
     [java] INFO  08/01/2011 03:19:42 Testscript      - Executing storage://INPUT/share.xml
     [java] INFO  08/01/2011 03:19:42 Import          - Importing elements from Import {uri=storage://INPUT/perfutil.xml}
     [java] INFO  08/01/2011 03:19:42 Rename          - Node name is dtfx-38
     [java] INFO  08/01/2011 03:19:42 Lockcomponent   - Locked dtfa-2 as PRODUCER
     [java] INFO  08/01/2011 03:19:42 Lockcomponent   - Locked dtfa-1 as CONSUMER
     [java] INFO  08/01/2011 03:19:43 Log             - event.start=1294456783222
     [java] INFO  08/01/2011 03:19:43 Log             - event.stop=1294456783222
     [java] INFO  08/01/2011 03:19:43 Testscript      - Executing storage://INPUT/share_complex.xml
     [java] INFO  08/01/2011 03:19:43 Rename          - Node name is dtfx-39
     [java] INFO  08/01/2011 03:19:43 Lockcomponent   - Locked dtfa-1 as C1
     [java] INFO  08/01/2011 03:19:43 Lockcomponent   - Locked dtfa-2 as C2
     [java] INFO  08/01/2011 03:19:44 Testscript      - Executing storage://INPUT/scanf.xml
     [java] INFO  08/01/2011 03:19:44 Import          - Importing elements from Import {uri=storage://INPUT/perfutil.xml}
     [java] INFO  08/01/2011 03:19:44 Testscript      - Executing storage://INPUT/printf.xml
     [java] INFO  08/01/2011 03:19:44 Log             - INTEGER[23] STRING[Hello There!] FLOAT [1.23] LIST [1,2,3,4]
     [java] INFO  08/01/2011 03:19:44 Log             - 1.23456 -- reduce precision to .2 -> 1.23
     [java] INFO  08/01/2011 03:19:44 Log             - 1 -- pad the number to 3 digits -> 001
     [java] INFO  08/01/2011 03:19:44 Log             - 10 -- convert to hex and pad to 4 digits -> 000a
     [java] INFO  08/01/2011 03:19:44 Testscript      - Executing storage://INPUT/read_image.xml
     [java] INFO  08/01/2011 03:19:44 Log             - png: being checked
     [java] INFO  08/01/2011 03:19:44 Log             - gif: being checked
     [java] INFO  08/01/2011 03:19:44 Log             - bmp: being checked
     [java] ERROR 08/01/2011 03:19:44 Testscript failed.
     [java] com.yahoo.dtf.exception.AssertionException: Assertion failed [288 less than 100] at tests/ut/rendezvous_complex.xml:71:13
     [java] 	at com.yahoo.dtf.actions.flowcontrol.Assert.execute(Assert.java:47)
     [java] 	at com.yahoo.dtf.actions.Action.executeChildren(Action.java:192)
     [java] 	at com.yahoo.dtf.actions.basic.Script.execute(Script.java:50)
     [java] 	at com.yahoo.dtf.actions.util.ScriptUtil.executeScript(ScriptUtil.java:49)
     [java] 	at com.yahoo.dtf.actions.basic.Testscript.execute(Testscript.java:72)
     [java] 	at com.yahoo.dtf.actions.Action.executeChildren(Action.java:192)
     [java] 	at com.yahoo.dtf.actions.basic.Testsuite.execute(Testsuite.java:93)
     [java] 	at com.yahoo.dtf.actions.Action.executeChildren(Action.java:192)
     [java] 	at com.yahoo.dtf.actions.results.Result.execute(Result.java:99)
     [java] 	at com.yahoo.dtf.actions.Action.executeChildren(Action.java:192)
     [java] 	at com.yahoo.dtf.actions.basic.Script.execute(Script.java:50)
     [java] 	at com.yahoo.dtf.actions.util.ScriptUtil.executeScript(ScriptUtil.java:49)
     [java] 	at com.yahoo.dtf.DTFNode.run(DTFNode.java:405)
     [java] 	at com.yahoo.dtf.DTFNode.main(DTFNode.java:551)
     [echo] Shutting down background run_components task.

init:
     [echo] Creating log dir ./logs/08-01-2011.03.18.39

stop_dtfc:

BUILD FAILED
/home/dtftest/build/dtf/build/dtf/dist/build.xml:264: The following error occurred while executing this line:
/home/dtftest/build/dtf/build/dtf/dist/build.xml:302: /home/dtftest/build/dtf/build/dtf/dist/build.xml:309: The following error occurred while executing this line:
/home/dtftest/build/dtf/build/dtf/dist/build.xml:131: Java returned: 255

Total time: 1 minute 14 seconds
