INFO  17/01/2011 03:14:01 Testsuite       - Starting unittests
INFO  17/01/2011 03:14:01 Testscript      - Executing storage://INPUT/state_management.xml
INFO  17/01/2011 03:14:01 Rename          - Node name is dtfx-3
INFO  17/01/2011 03:14:01 Lockcomponent   - Locked dtfa-0 as DTFA1
WARN  17/01/2011 03:14:01 DTFInputStream  - Using a DTFStream as a String that is 5242880 bytes can be quite inefficient. There are better ways of streaming large amounts of data in DTF.
INFO  17/01/2011 03:14:05 Testscript      - Executing storage://INPUT/storage.xml
INFO  17/01/2011 03:14:05 Testscript      - Executing storage://INPUT/echo.xml
INFO  17/01/2011 03:14:05 Rename          - Node name is dtfx-4
INFO  17/01/2011 03:14:05 Lockcomponent   - Locked dtfa-1 as DTFA1
INFO  17/01/2011 03:14:05 Echo            - a : b : c
INFO  17/01/2011 03:14:05 Testscript      - Executing storage://INPUT/sleep.xml
INFO  17/01/2011 03:14:06 Rename          - Node name is dtfx-5
INFO  17/01/2011 03:14:06 Lockcomponent   - Locked dtfa-2 as C1
INFO  17/01/2011 03:14:06 Testscript      - Executing storage://INPUT/loadproperties.xml
INFO  17/01/2011 03:14:06 Echo            - The previous loadproperties should succeed.
INFO  17/01/2011 03:14:06 Echo            - dtf.test.property1 = property value1
INFO  17/01/2011 03:14:06 Testscript      - Executing storage://INPUT/property_resolution.xml
INFO  17/01/2011 03:14:06 Rename          - Node name is dtfx-6
INFO  17/01/2011 03:14:06 Lockcomponent   - Locked dtfa-0 as DTFA1
INFO  17/01/2011 03:14:07 Testscript      - Executing storage://INPUT/property.xml
INFO  17/01/2011 03:14:07 Echo            - value1
INFO  17/01/2011 03:14:07 Echo            - {
	"ydht": {  
    	"fields": { 
            "hello": { "value": "world2" }, 
            "somearray1": {  
                "value" : {
                    "v1": { "value": 1 }, 
                    "v2": { "value": 2 }, 
                    "v3": { "value": 3 } 
            	}
            }
        }
    }
}

INFO  17/01/2011 03:14:07 Echo            - 
        Contents of the property come from the child text node like this one,
        which will continue to look just like this in the property itself.
        
        test1: value1
        
INFO  17/01/2011 03:14:07 Log             - Data matches!
INFO  17/01/2011 03:14:07 Log             - Caught property recursion correctly.
INFO  17/01/2011 03:14:07 Log             - Caught nested property recursion correctly.
INFO  17/01/2011 03:14:07 Log             - value2value2value2
INFO  17/01/2011 03:14:07 Testscript      - Executing storage://INPUT/cat.xml
INFO  17/01/2011 03:14:07 Log             - Caught exception correctly [Unable to find storage: CACA at tests/ut/cat.xml:51:10]
INFO  17/01/2011 03:14:07 Testscript      - Executing storage://INPUT/log.xml
INFO  17/01/2011 03:14:07 Log             - Just testing the logging functionality
INFO  17/01/2011 03:14:07 Log             - INFO INFO INFO
ERROR 17/01/2011 03:14:07 Log             - ERROR ERROR ERROR
WARN  17/01/2011 03:14:07 Log             - WARNING WARNING WARNING
INFO  17/01/2011 03:14:07 Log             - INFO with tag TESTING
ERROR 17/01/2011 03:14:07 Log             - ERROR with tag TESTING
WARN  17/01/2011 03:14:07 Log             - WARNING with tag TESTING
INFO  17/01/2011 03:14:07 Testscript      - Executing storage://INPUT/for.xml
INFO  17/01/2011 03:14:08 Import          - Importing elements from Import {uri=storage://INPUT/util.xml}
INFO  17/01/2011 03:14:08 Testscript      - Executing storage://INPUT/parallel.xml
INFO  17/01/2011 03:14:08 Testscript      - Executing storage://INPUT/parallelloop.xml
INFO  17/01/2011 03:14:08 Testscript      - Executing storage://INPUT/sequence.xml
INFO  17/01/2011 03:14:08 Echo            - HERE
INFO  17/01/2011 03:14:08 Echo            - HERE
INFO  17/01/2011 03:14:08 Testscript      - Executing storage://INPUT/timer.xml
INFO  17/01/2011 03:14:08 Timer           - Timer took 103ms of 100ms.
INFO  17/01/2011 03:14:08 Testscript      - Executing storage://INPUT/switch.xml
INFO  17/01/2011 03:14:09 Import          - Importing elements from Import {uri=storage://INPUT/util.xml}
INFO  17/01/2011 03:14:09 Log             - Switch case #1
INFO  17/01/2011 03:14:09 Log             - Switch case #2
INFO  17/01/2011 03:14:09 Log             - Looped through switch and function call correctly.
INFO  17/01/2011 03:14:09 Log             - Switch case #2
INFO  17/01/2011 03:14:09 Log             - Looped through switch and function call correctly.
INFO  17/01/2011 03:14:09 Log             - Looped through switch and function call correctly.
INFO  17/01/2011 03:14:09 Log             - Switch went into the failure case correctly.
INFO  17/01/2011 03:14:09 Testscript      - Executing storage://INPUT/while.xml
INFO  17/01/2011 03:14:09 Log             - Thread 1 is starting.
INFO  17/01/2011 03:14:09 Log             - Thread 2 is starting.
INFO  17/01/2011 03:14:09 Log             - Thread 2 is done.
INFO  17/01/2011 03:14:09 Log             - Thread 1 is done.
INFO  17/01/2011 03:14:09 Testscript      - Executing storage://INPUT/break.xml
INFO  17/01/2011 03:14:09 Rename          - Node name is dtfx-7
INFO  17/01/2011 03:14:09 Lockcomponent   - Locked dtfa-1 as C1
INFO  17/01/2011 03:14:09 Timer           - Timer took 0ms of 30000ms.
INFO  17/01/2011 03:14:10 Testscript      - Executing storage://INPUT/try_catch_fail.xml
INFO  17/01/2011 03:14:10 Rename          - Node name is dtfx-8
INFO  17/01/2011 03:14:10 Lockcomponent   - Locked dtfa-2 as DTFA1
INFO  17/01/2011 03:14:10 Echo            - Try/Catch and Fail Unit Test
INFO  17/01/2011 03:14:10 Echo            - The previous statement has failed correctly.
INFO  17/01/2011 03:14:10 Echo            - Caught the exception on outter try/catch.
INFO  17/01/2011 03:14:10 Echo            - Message: Failure should be caught by catch. at tests/ut/try_catch_fail.xml:40:77
INFO  17/01/2011 03:14:10 Echo            - Caught exception from remote component.
INFO  17/01/2011 03:14:10 Echo            - Message: Failing on component at tests/ut/try_catch_fail.xml:66:46 on component [DTFA1]
INFO  17/01/2011 03:14:10 Testscript      - Executing storage://INPUT/fail.xml
INFO  17/01/2011 03:14:10 Rename          - Node name is dtfx-9
INFO  17/01/2011 03:14:10 Lockcomponent   - Locked dtfa-0 as DTFA
INFO  17/01/2011 03:14:10 Testscript      - Executing storage://INPUT/distribute.xml
ERROR 17/01/2011 03:14:12 Error running script.
com.yahoo.dtf.exception.AssertionException: Assertion failed [Duration was longer than 300ms by 10% at 366ms] at tests/ut/distribute.xml:148:82
	at com.yahoo.dtf.actions.flowcontrol.Assert.execute(Assert.java:44)
	at com.yahoo.dtf.actions.Action.executeChildren(Action.java:192)
	at com.yahoo.dtf.actions.basic.Script.execute(Script.java:50)
	at com.yahoo.dtf.actions.util.ScriptUtil.executeScript(ScriptUtil.java:49)
	at com.yahoo.dtf.actions.basic.Testscript.execute(Testscript.java:72)
	at com.yahoo.dtf.actions.Action.executeChildren(Action.java:192)
	at com.yahoo.dtf.actions.basic.Testsuite.execute(Testsuite.java:93)
	at com.yahoo.dtf.actions.Action.executeChildren(Action.java:192)
	at com.yahoo.dtf.actions.results.Result.execute(Result.java:99)
	at com.yahoo.dtf.actions.Action.executeChildren(Action.java:192)
	at com.yahoo.dtf.actions.basic.Script.execute(Script.java:50)
	at com.yahoo.dtf.actions.util.ScriptUtil.executeScript(ScriptUtil.java:49)
	at com.yahoo.dtf.DTFNode.run(DTFNode.java:405)
	at com.yahoo.dtf.DTFNode.main(DTFNode.java:551)
ERROR 17/01/2011 03:14:12 Testscript      - Failed [storage://INPUT/distribute.xml]
INFO  17/01/2011 03:14:12 Testscript      - Executing storage://INPUT/choices.xml
INFO  17/01/2011 03:14:12 Import          - Importing elements from Import {uri=storage://INPUT/util.xml}
INFO  17/01/2011 03:14:12 Testscript      - Executing storage://INPUT/if.xml
INFO  17/01/2011 03:14:12 Testscript      - Executing storage://INPUT/similar.xml
INFO  17/01/2011 03:14:13 Log             - png: being checked
INFO  17/01/2011 03:14:13 Log             - images are within 100% similarity
INFO  17/01/2011 03:14:13 Log             - gif: being checked
INFO  17/01/2011 03:14:13 Log             - images are within 100% similarity
INFO  17/01/2011 03:14:13 Log             - bmp: being checked
INFO  17/01/2011 03:14:13 Log             - images are within 100% similarity
INFO  17/01/2011 03:14:13 Testscript      - Executing storage://INPUT/createrange.xml
INFO  17/01/2011 03:14:13 Testscript      - Executing storage://INPUT/range.xml
INFO  17/01/2011 03:14:13 Testscript      - Executing storage://INPUT/range_dist.xml
INFO  17/01/2011 03:14:13 Rename          - Node name is dtfx-10
INFO  17/01/2011 03:14:13 Lockcomponent   - Locked dtfa-1 as C1
INFO  17/01/2011 03:14:15 Testscript      - Executing storage://INPUT/xml_range.xml
INFO  17/01/2011 03:14:15 Log             - XPath range validation
INFO  17/01/2011 03:14:15 Log             - XPath range validation on XML with namespace
INFO  17/01/2011 03:14:15 Log             - XPath range validation on XML with default namespace
INFO  17/01/2011 03:14:15 Log             - negative tests
INFO  17/01/2011 03:14:15 Log             - Failed correctly
INFO  17/01/2011 03:14:15 Testscript      - Executing storage://INPUT/json_range.xml
INFO  17/01/2011 03:14:15 Log             - JPath range validation
INFO  17/01/2011 03:14:15 Log             - Negative Tests
INFO  17/01/2011 03:14:15 Log             - Failed correctly
INFO  17/01/2011 03:14:15 Testscript      - Executing storage://INPUT/functions.xml
INFO  17/01/2011 03:14:16 Import          - Importing elements from Import {uri=storage://INPUT/util.xml}
INFO  17/01/2011 03:14:16 Import          - Importing elements from Import {uri=storage://INPUT/functions_util.xml}
WARN  17/01/2011 03:14:16 Function        - Argument [function] not being used by the function [func2]
WARN  17/01/2011 03:14:16 Function        - Argument [function] not being used by the function [func3]
WARN  17/01/2011 03:14:16 Function        - Argument [p3] not being used by the function [functionWithParams]
INFO  17/01/2011 03:14:16 Testscript      - Executing storage://INPUT/import.xml
INFO  17/01/2011 03:14:16 Import          - Importing elements from Import {uri=storage://INPUT/functions_util.xml}
INFO  17/01/2011 03:14:16 Import          - Importing elements from Import {uri=storage://TINPUT/functions.xml}
WARN  17/01/2011 03:14:17 Function        - Argument [function] not being used by the function [func2]
WARN  17/01/2011 03:14:17 Function        - Argument [function] not being used by the function [func3]
INFO  17/01/2011 03:14:17 Import          - Importing elements from Import {uri=storage://INPUT/badxml}
INFO  17/01/2011 03:14:17 Testscript      - Executing storage://INPUT/export.xml
INFO  17/01/2011 03:14:17 Import          - Importing elements from Import {uri=storage://INPUT/export_util.xml}
INFO  17/01/2011 03:14:17 Rename          - Node name is dtfx-11
INFO  17/01/2011 03:14:17 Lockcomponent   - Locked dtfa-2 as DTFA1
INFO  17/01/2011 03:14:17 Log             - Got exception as expected.
INFO  17/01/2011 03:14:17 Testscript      - Executing storage://INPUT/references.xml
INFO  17/01/2011 03:14:17 Import          - Importing elements from Import {uri=storage://INPUT/util.xml}
INFO  17/01/2011 03:14:18 Rename          - Node name is dtfx-12
INFO  17/01/2011 03:14:18 Lockcomponent   - Locked dtfa-0 as DTFA1
INFO  17/01/2011 03:14:18 Testscript      - Executing storage://INPUT/component.xml
INFO  17/01/2011 03:14:18 Rename          - Node name is dtfx-13
INFO  17/01/2011 03:14:18 Lockcomponent   - Locked dtfa-1 as DTFA1
INFO  17/01/2011 03:14:18 Echo            - About to lock a dtfa by name and this will fail.
INFO  17/01/2011 03:14:19 Testscript      - Executing storage://INPUT/lockcomponent.xml
INFO  17/01/2011 03:14:20 Rename          - Node name is dtfx-14
INFO  17/01/2011 03:14:20 Lockcomponent   - Locked dtfa-2 as DTFA1
INFO  17/01/2011 03:14:20 Lockcomponent   - Locked dtfa-0 as DTFA3
INFO  17/01/2011 03:14:20 Lockcomponent   - Locked dtfa-1 as DTFA2
INFO  17/01/2011 03:14:20 Unlockcomponent - Unlocking dtfa-0
INFO  17/01/2011 03:14:20 Unlockcomponent - Unlocking dtfa-1
INFO  17/01/2011 03:14:20 Unlockcomponent - Component unlocked DTFA3
INFO  17/01/2011 03:14:20 Unlockcomponent - Component unlocked DTFA2
INFO  17/01/2011 03:14:20 Lockcomponent   - Locked dtfa-0 as DTFA2
INFO  17/01/2011 03:14:20 Unlockcomponent - Unlocking dtfa-0
INFO  17/01/2011 03:14:20 Unlockcomponent - Component unlocked DTFA2
INFO  17/01/2011 03:14:20 Lockcomponent   - Locked dtfa-0 as DTFA2
INFO  17/01/2011 03:14:20 Unlockcomponent - Unlocking dtfa-0
INFO  17/01/2011 03:14:20 Unlockcomponent - Component unlocked DTFA2
INFO  17/01/2011 03:14:20 Lockcomponent   - Locked dtfa-0 as DTFA3
INFO  17/01/2011 03:14:20 Unlockcomponent - Unlocking dtfa-0
INFO  17/01/2011 03:14:20 Unlockcomponent - Component unlocked DTFA3
INFO  17/01/2011 03:14:20 Lockcomponent   - Locked dtfa-1 as DTFA3
INFO  17/01/2011 03:14:20 Unlockcomponent - Unlocking dtfa-1
INFO  17/01/2011 03:14:20 Unlockcomponent - Component unlocked DTFA3
INFO  17/01/2011 03:14:20 Unlockcomponent - Unlocking dtfa-2
INFO  17/01/2011 03:14:20 Unlockcomponent - Component unlocked DTFA1
INFO  17/01/2011 03:14:20 Lockcomponent   - Locked dtfa-2 as DTFA1
INFO  17/01/2011 03:14:20 Unlockcomponent - Unlocking dtfa-2
INFO  17/01/2011 03:14:20 Unlockcomponent - Component unlocked DTFA1
INFO  17/01/2011 03:14:20 Lockcomponent   - Locked dtfa-2 as DTFA1
INFO  17/01/2011 03:14:20 Unlockcomponent - Unlocking dtfa-2
INFO  17/01/2011 03:14:20 Unlockcomponent - Component unlocked DTFA1
INFO  17/01/2011 03:14:20 Testsuite       - Starting lockcomponent
INFO  17/01/2011 03:14:20 Testscript      - Executing storage://INPUT/occupy_component.xml
INFO  17/01/2011 03:14:20 Testsuite       - Starting lockcomponent
INFO  17/01/2011 03:14:20 Testscript      - Executing storage://INPUT/occupy_component.xml
INFO  17/01/2011 03:14:20 Testsuite       - Starting lockcomponent
INFO  17/01/2011 03:14:20 Testscript      - Executing storage://INPUT/occupy_component.xml
INFO  17/01/2011 03:14:20 Rename          - Node name is dtfx-15
INFO  17/01/2011 03:14:20 Lockcomponent   - Locked dtfa-0 as C1
INFO  17/01/2011 03:14:21 Rename          - Node name is dtfx-16
INFO  17/01/2011 03:14:21 Rename          - Node name is dtfx-17
INFO  17/01/2011 03:14:21 Lockcomponent   - Locked dtfa-2 as C1
INFO  17/01/2011 03:14:21 Lockcomponent   - Locked dtfa-1 as C1
INFO  17/01/2011 03:14:21 Testsuite       - Starting lockcomponent
INFO  17/01/2011 03:14:21 Testscript      - Executing storage://INPUT/occupy_component.xml
INFO  17/01/2011 03:14:21 Testsuite       - Starting lockcomponent
INFO  17/01/2011 03:14:21 Testscript      - Executing storage://INPUT/occupy_component.xml
INFO  17/01/2011 03:14:21 Testsuite       - Starting lockcomponent
INFO  17/01/2011 03:14:21 Testscript      - Executing storage://INPUT/occupy_component.xml
INFO  17/01/2011 03:14:21 Rename          - Node name is dtfx-18
INFO  17/01/2011 03:14:21 Lockcomponent   - Locked dtfa-2 as C1
INFO  17/01/2011 03:14:21 Testsuite       - Starting lockcomponent
INFO  17/01/2011 03:14:21 Testscript      - Executing storage://INPUT/occupy_component.xml
INFO  17/01/2011 03:14:21 Rename          - Node name is dtfx-19
INFO  17/01/2011 03:14:21 Rename          - Node name is dtfx-20
INFO  17/01/2011 03:14:21 Rename          - Node name is dtfx-21
INFO  17/01/2011 03:14:21 Lockcomponent   - Locked dtfa-2 as C1
INFO  17/01/2011 03:14:21 Lockcomponent   - Locked dtfa-1 as C1
INFO  17/01/2011 03:14:22 Lockcomponent   - Locked dtfa-0 as C1
INFO  17/01/2011 03:14:22 Testsuite       - Starting lockcomponent
INFO  17/01/2011 03:14:22 Testscript      - Executing storage://INPUT/occupy_component.xml
INFO  17/01/2011 03:14:22 Testsuite       - Starting lockcomponent
INFO  17/01/2011 03:14:22 Testscript      - Executing storage://INPUT/occupy_component.xml
INFO  17/01/2011 03:14:22 Rename          - Node name is dtfx-22
INFO  17/01/2011 03:14:22 Lockcomponent   - Locked dtfa-2 as C1
INFO  17/01/2011 03:14:22 Rename          - Node name is dtfx-23
INFO  17/01/2011 03:14:22 Lockcomponent   - Locked dtfa-0 as C1
INFO  17/01/2011 03:14:22 Testsuite       - Starting lockcomponent
INFO  17/01/2011 03:14:22 Testscript      - Executing storage://INPUT/parallel_occupy_component.xml
INFO  17/01/2011 03:14:22 Rename          - Node name is dtfx-24
INFO  17/01/2011 03:14:22 Lockcomponent   - Locked dtfa-2 as C1
INFO  17/01/2011 03:14:22 Lockcomponent   - Locked dtfa-0 as C3
INFO  17/01/2011 03:14:22 Lockcomponent   - Locked dtfa-1 as C2
INFO  17/01/2011 03:14:22 Lockcomponent   - Locked dtfa-0 as C1
INFO  17/01/2011 03:14:22 Unlockcomponent - Unlocking dtfa-0
INFO  17/01/2011 03:14:23 Unlockcomponent - Component unlocked C1
INFO  17/01/2011 03:14:23 Testsuite       - Starting lockcomponent
INFO  17/01/2011 03:14:23 Testscript      - Executing storage://INPUT/function_occupy_component.xml
INFO  17/01/2011 03:14:23 Rename          - Node name is dtfx-25
INFO  17/01/2011 03:14:23 Lockcomponent   - Locked dtfa-1 as C1
INFO  17/01/2011 03:14:23 Lockcomponent   - Locked dtfa-2 as C2
INFO  17/01/2011 03:14:23 Lockcomponent   - Locked dtfa-0 as C3
INFO  17/01/2011 03:14:23 Lockcomponent   - Locked dtfa-0 as C1
INFO  17/01/2011 03:14:23 Unlockcomponent - Unlocking dtfa-0
INFO  17/01/2011 03:14:23 Unlockcomponent - Component unlocked C1
INFO  17/01/2011 03:14:23 Testscript      - Executing storage://INPUT/lockgroup.xml
INFO  17/01/2011 03:14:23 Rename          - Node name is dtfx-26
INFO  17/01/2011 03:14:23 Lockcomponent   - Locked dtfa-1 as DTFA1-2
INFO  17/01/2011 03:14:23 Lockcomponent   - Locked dtfa-2 as DTFA2-2
INFO  17/01/2011 03:14:23 Unlockcomponent - Unlocking dtfa-1
INFO  17/01/2011 03:14:23 Unlockcomponent - Component unlocked DTFA1-2
INFO  17/01/2011 03:14:23 Unlockcomponent - Unlocking dtfa-2
INFO  17/01/2011 03:14:23 Unlockcomponent - Component unlocked DTFA2-2
INFO  17/01/2011 03:14:23 Lockcomponent   - Locked dtfa-2 as DTFA1-1
INFO  17/01/2011 03:14:23 Lockcomponent   - Locked dtfa-1 as DTFA2-1
INFO  17/01/2011 03:14:23 Unlockcomponent - Unlocking dtfa-2
INFO  17/01/2011 03:14:23 Unlockcomponent - Component unlocked DTFA1-1
INFO  17/01/2011 03:14:23 Unlockcomponent - Unlocking dtfa-1
INFO  17/01/2011 03:14:23 Unlockcomponent - Component unlocked DTFA2-1
INFO  17/01/2011 03:14:23 Lockcomponent   - Locked dtfa-0 as DTFA1-1
INFO  17/01/2011 03:14:23 Lockcomponent   - Locked dtfa-2 as DTFA2-1
INFO  17/01/2011 03:14:23 Unlockcomponent - Unlocking dtfa-0
INFO  17/01/2011 03:14:23 Unlockcomponent - Component unlocked DTFA1-1
INFO  17/01/2011 03:14:23 Unlockcomponent - Unlocking dtfa-2
INFO  17/01/2011 03:14:23 Unlockcomponent - Component unlocked DTFA2-1
INFO  17/01/2011 03:14:23 Lockcomponent   - Locked dtfa-0 as DTFA1-2
INFO  17/01/2011 03:14:23 Lockcomponent   - Locked dtfa-1 as DTFA2-2
INFO  17/01/2011 03:14:23 Unlockcomponent - Unlocking dtfa-0
INFO  17/01/2011 03:14:23 Unlockcomponent - Component unlocked DTFA1-2
INFO  17/01/2011 03:14:23 Unlockcomponent - Unlocking dtfa-1
INFO  17/01/2011 03:14:23 Unlockcomponent - Component unlocked DTFA2-2
INFO  17/01/2011 03:14:24 Lockcomponent   - Locked dtfa-1 as DTFA1-1
INFO  17/01/2011 03:14:24 Lockcomponent   - Locked dtfa-2 as DTFA2-1
INFO  17/01/2011 03:14:24 Unlockcomponent - Unlocking dtfa-1
INFO  17/01/2011 03:14:24 Unlockcomponent - Component unlocked DTFA1-1
INFO  17/01/2011 03:14:24 Unlockcomponent - Unlocking dtfa-2
INFO  17/01/2011 03:14:24 Unlockcomponent - Component unlocked DTFA2-1
INFO  17/01/2011 03:14:24 Lockcomponent   - Locked dtfa-2 as DTFA1-2
INFO  17/01/2011 03:14:24 Lockcomponent   - Locked dtfa-1 as DTFA2-2
INFO  17/01/2011 03:14:24 Unlockcomponent - Unlocking dtfa-2
INFO  17/01/2011 03:14:24 Unlockcomponent - Component unlocked DTFA1-2
INFO  17/01/2011 03:14:24 Unlockcomponent - Unlocking dtfa-1
INFO  17/01/2011 03:14:24 Unlockcomponent - Component unlocked DTFA2-2
INFO  17/01/2011 03:14:24 Lockcomponent   - Locked dtfa-0 as DTFA1-1
INFO  17/01/2011 03:14:24 Lockcomponent   - Locked dtfa-2 as DTFA2-1
INFO  17/01/2011 03:14:24 Unlockcomponent - Unlocking dtfa-0
INFO  17/01/2011 03:14:24 Unlockcomponent - Component unlocked DTFA1-1
INFO  17/01/2011 03:14:24 Unlockcomponent - Unlocking dtfa-2
INFO  17/01/2011 03:14:24 Unlockcomponent - Component unlocked DTFA2-1
INFO  17/01/2011 03:14:24 Lockcomponent   - Locked dtfa-0 as DTFA1-2
INFO  17/01/2011 03:14:24 Lockcomponent   - Locked dtfa-1 as DTFA2-2
INFO  17/01/2011 03:14:24 Unlockcomponent - Unlocking dtfa-0
INFO  17/01/2011 03:14:24 Unlockcomponent - Component unlocked DTFA1-2
INFO  17/01/2011 03:14:24 Unlockcomponent - Unlocking dtfa-1
INFO  17/01/2011 03:14:24 Unlockcomponent - Component unlocked DTFA2-2
INFO  17/01/2011 03:14:24 Lockcomponent   - Locked dtfa-1 as DTFA1-1
INFO  17/01/2011 03:14:24 Lockcomponent   - Locked dtfa-2 as DTFA2-1
INFO  17/01/2011 03:14:24 Unlockcomponent - Unlocking dtfa-1
INFO  17/01/2011 03:14:24 Unlockcomponent - Component unlocked DTFA1-1
INFO  17/01/2011 03:14:24 Unlockcomponent - Unlocking dtfa-2
INFO  17/01/2011 03:14:24 Unlockcomponent - Component unlocked DTFA2-1
INFO  17/01/2011 03:14:24 Lockcomponent   - Locked dtfa-2 as DTFA1-2
INFO  17/01/2011 03:14:24 Lockcomponent   - Locked dtfa-1 as DTFA2-2
INFO  17/01/2011 03:14:24 Unlockcomponent - Unlocking dtfa-2
INFO  17/01/2011 03:14:24 Unlockcomponent - Component unlocked DTFA1-2
INFO  17/01/2011 03:14:24 Unlockcomponent - Unlocking dtfa-1
INFO  17/01/2011 03:14:24 Unlockcomponent - Component unlocked DTFA2-2
INFO  17/01/2011 03:14:24 Testscript      - Executing storage://INPUT/remotestorage.xml
INFO  17/01/2011 03:14:24 Rename          - Node name is dtfx-27
INFO  17/01/2011 03:14:24 Lockcomponent   - Locked dtfa-0 as DTFA1
INFO  17/01/2011 03:14:24 Lockcomponent   - Locked dtfa-2 as DTFA2
INFO  17/01/2011 03:14:24 Lockcomponent   - Locked dtfa-1 as DTFA3
INFO  17/01/2011 03:14:24 Log             - DTFA1
INFO  17/01/2011 03:14:25 Log             - DTFA2
INFO  17/01/2011 03:14:25 Log             - DTFA3
INFO  17/01/2011 03:14:26 Log             - Parallel Overwrites
INFO  17/01/2011 03:14:26 Log             - Sequential Appends
INFO  17/01/2011 03:14:27 Log             - Parallel Appends
INFO  17/01/2011 03:14:27 Testscript      - Executing storage://INPUT/recorder.xml
INFO  17/01/2011 03:14:27 Rename          - Node name is dtfx-28
INFO  17/01/2011 03:14:27 Lockcomponent   - Locked dtfa-2 as DTFA1
INFO  17/01/2011 03:14:27 Log             - TXT Recorder Unit Tests
INFO  17/01/2011 03:14:27 Log             - Object Recorder Unit Tests
INFO  17/01/2011 03:14:27 Echo            - Previous event started at: 1295234067542
INFO  17/01/2011 03:14:27 Echo            - Previous event ended at: 1295234067542
INFO  17/01/2011 03:14:27 Echo            - Previous event had property1 set to: 1
INFO  17/01/2011 03:14:27 Echo            - Previous event started at: 1295234067543
INFO  17/01/2011 03:14:27 Echo            - Previous event ended at: 1295234067543
INFO  17/01/2011 03:14:27 Echo            - Previous event had property1 set to: 1
INFO  17/01/2011 03:14:27 Log             - Caught exception correctly [Unable to find storage: SOMEWHERE at tests/ut/recorder.xml:87:10]
INFO  17/01/2011 03:14:27 Log             - Caught exception correctly [Unsupported recorder type [caca] at tests/ut/recorder.xml:95:10]
INFO  17/01/2011 03:14:27 Testscript      - Executing storage://INPUT/stats_recorder.xml
INFO  17/01/2011 03:14:27 Testscript      - Executing storage://INPUT/query.xml
INFO  17/01/2011 03:14:27 Log             - 1: abcxyzup
INFO  17/01/2011 03:14:27 Log             - 5: abcxyzup
INFO  17/01/2011 03:14:27 Log             - Total Ops 5
INFO  17/01/2011 03:14:28 Testsuite       - Starting query
INFO  17/01/2011 03:14:28 Testscript      - Executing storage://INPUT/query_testcase.xml
INFO  17/01/2011 03:14:28 Log             - Queries per second: 1000
INFO  17/01/2011 03:14:28 Log             - Complex queries for txt format
INFO  17/01/2011 03:14:28 Echo            - All done iterating correctly.
INFO  17/01/2011 03:14:28 Echo            - All done iterating correctly.
INFO  17/01/2011 03:14:28 Echo            - All done iterating correctly.
INFO  17/01/2011 03:14:28 Resetcursor     - Resetting curosr [element2]
INFO  17/01/2011 03:14:28 Echo            - All done iterating correctly.
INFO  17/01/2011 03:14:29 Log             - caca
INFO  17/01/2011 03:14:29 Testscript      - Executing storage://INPUT/event.xml
INFO  17/01/2011 03:14:29 Echo            - Counter Unit Tests
INFO  17/01/2011 03:14:29 ConsoleRecorder - {dtf.echo.start=1295234069290, dtf.echo.stop=1295234069290, dtf.echo.iteration=1}
INFO  17/01/2011 03:14:29 ConsoleRecorder - {dtf.echo.start=1295234069290, dtf.echo.stop=1295234069290, dtf.echo.iteration=2}
INFO  17/01/2011 03:14:29 ConsoleRecorder - {dtf.echo.start=1295234069291, dtf.echo.stop=1295234069291, dtf.echo.iteration=3}
INFO  17/01/2011 03:14:29 ConsoleRecorder - {dtf.echo.start=1295234069291, dtf.echo.stop=1295234069291, dtf.echo.iteration=4}
INFO  17/01/2011 03:14:29 ConsoleRecorder - {dtf.echo.start=1295234069291, dtf.echo.stop=1295234069291, dtf.echo.iteration=5}
INFO  17/01/2011 03:14:29 Rename          - Node name is dtfx-29
INFO  17/01/2011 03:14:29 Lockcomponent   - Locked dtfa-1 as DTFA1
INFO  17/01/2011 03:14:29 Testscript      - Executing storage://INPUT/event_visibility.xml
INFO  17/01/2011 03:14:29 Rename          - Node name is dtfx-30
INFO  17/01/2011 03:14:29 Lockcomponent   - Locked dtfa-0 as C1
INFO  17/01/2011 03:14:29 Testscript      - Executing storage://INPUT/compare.xml
INFO  17/01/2011 03:14:30 Import          - Importing elements from Import {uri=storage://INPUT/perfutil.xml}
INFO  17/01/2011 03:14:30 Testscript      - Executing storage://INPUT/filter.xml
INFO  17/01/2011 03:14:30 Import          - Importing elements from Import {uri=storage://INPUT/util.xml}
INFO  17/01/2011 03:14:30 Testscript      - Executing storage://INPUT/sort.xml
INFO  17/01/2011 03:14:30 Import          - Importing elements from Import {uri=storage://INPUT/perfutil.xml}
INFO  17/01/2011 03:14:31 Testscript      - Executing storage://INPUT/testsuite.xml
INFO  17/01/2011 03:14:31 Result          - Starting Result recording: Result {uri=storage://OUTPUT/testsuite_results.xml}
INFO  17/01/2011 03:14:31 Testsuite       - Starting testsuite1
INFO  17/01/2011 03:14:31 Testscript      - Executing storage://INPUT/testcase.xml
INFO  17/01/2011 03:14:31 Result          - Starting Result recording: Result {uri=storage://OUTPUT/testcase_result2.xml}
INFO  17/01/2011 03:14:31 Testscript      - Executing storage://INPUT/donothing.xml
INFO  17/01/2011 03:14:31 Result          - Stopping Result recording: Result {uri=storage://OUTPUT/testcase_result2.xml}
INFO  17/01/2011 03:14:31 Testscript      - Executing storage://INPUT/testcase.xml
INFO  17/01/2011 03:14:31 Result          - Starting Result recording: Result {uri=storage://OUTPUT/testcase_result2.xml}
INFO  17/01/2011 03:14:31 Testscript      - Executing storage://INPUT/donothing.xml
INFO  17/01/2011 03:14:31 Result          - Stopping Result recording: Result {uri=storage://OUTPUT/testcase_result2.xml}
INFO  17/01/2011 03:14:31 Testscript      - Executing storage://INPUT/testcase.xml
INFO  17/01/2011 03:14:31 Result          - Starting Result recording: Result {uri=storage://OUTPUT/testcase_result2.xml}
INFO  17/01/2011 03:14:31 Testscript      - Executing storage://INPUT/donothing.xml
INFO  17/01/2011 03:14:31 Result          - Stopping Result recording: Result {uri=storage://OUTPUT/testcase_result2.xml}
INFO  17/01/2011 03:14:31 Testscript      - Executing storage://INPUT/testsuite-sub.xml
INFO  17/01/2011 03:14:31 Testsuite       - Starting testsuite2
INFO  17/01/2011 03:14:31 Testscript      - Executing storage://INPUT/testcase.xml
INFO  17/01/2011 03:14:31 Result          - Starting Result recording: Result {uri=storage://OUTPUT/testcase_result2.xml}
INFO  17/01/2011 03:14:31 Testscript      - Executing storage://INPUT/donothing.xml
INFO  17/01/2011 03:14:31 Result          - Stopping Result recording: Result {uri=storage://OUTPUT/testcase_result2.xml}
INFO  17/01/2011 03:14:31 Testscript      - Executing storage://INPUT/testcase.xml
INFO  17/01/2011 03:14:31 Result          - Starting Result recording: Result {uri=storage://OUTPUT/testcase_result2.xml}
INFO  17/01/2011 03:14:31 Testscript      - Executing storage://INPUT/donothing.xml
INFO  17/01/2011 03:14:31 Result          - Stopping Result recording: Result {uri=storage://OUTPUT/testcase_result2.xml}
INFO  17/01/2011 03:14:31 Testscript      - Executing storage://INPUT/testcase.xml
INFO  17/01/2011 03:14:31 Result          - Starting Result recording: Result {uri=storage://OUTPUT/testcase_result2.xml}
INFO  17/01/2011 03:14:31 Testscript      - Executing storage://INPUT/donothing.xml
INFO  17/01/2011 03:14:31 Result          - Stopping Result recording: Result {uri=storage://OUTPUT/testcase_result2.xml}
INFO  17/01/2011 03:14:32 Result          - Stopping Result recording: Result {uri=storage://OUTPUT/testsuite_results.xml}
INFO  17/01/2011 03:14:32 Testscript      - Executing storage://INPUT/results.xml
INFO  17/01/2011 03:14:32 Result          - Starting Result recording: Result {uri=storage://OUTPUT/results_output.${results.type}}
INFO  17/01/2011 03:14:32 Testsuite       - Starting results
INFO  17/01/2011 03:14:32 Testscript      - Executing storage://INPUT/testcase.xml
INFO  17/01/2011 03:14:32 Result          - Starting Result recording: Result {uri=storage://OUTPUT/testcase_result2.xml}
INFO  17/01/2011 03:14:32 Testscript      - Executing storage://INPUT/donothing.xml
INFO  17/01/2011 03:14:32 Result          - Stopping Result recording: Result {uri=storage://OUTPUT/testcase_result2.xml}
INFO  17/01/2011 03:14:32 Testscript      - Executing storage://INPUT/testcase.xml
INFO  17/01/2011 03:14:32 Result          - Starting Result recording: Result {uri=storage://OUTPUT/testcase_result2.xml}
INFO  17/01/2011 03:14:32 Testscript      - Executing storage://INPUT/donothing.xml
INFO  17/01/2011 03:14:32 Result          - Stopping Result recording: Result {uri=storage://OUTPUT/testcase_result2.xml}
INFO  17/01/2011 03:14:32 Testscript      - Executing storage://INPUT/testcase.xml
INFO  17/01/2011 03:14:32 Result          - Starting Result recording: Result {uri=storage://OUTPUT/testcase_result2.xml}
INFO  17/01/2011 03:14:32 Testscript      - Executing storage://INPUT/donothing.xml
INFO  17/01/2011 03:14:32 Result          - Stopping Result recording: Result {uri=storage://OUTPUT/testcase_result2.xml}
INFO  17/01/2011 03:14:32 Testscript      - Executing storage://INPUT/testsuite-sub.xml
INFO  17/01/2011 03:14:32 Testsuite       - Starting testsuite2
INFO  17/01/2011 03:14:32 Testscript      - Executing storage://INPUT/testcase.xml
INFO  17/01/2011 03:14:32 Result          - Starting Result recording: Result {uri=storage://OUTPUT/testcase_result2.xml}
INFO  17/01/2011 03:14:32 Testscript      - Executing storage://INPUT/donothing.xml
INFO  17/01/2011 03:14:32 Result          - Stopping Result recording: Result {uri=storage://OUTPUT/testcase_result2.xml}
INFO  17/01/2011 03:14:32 Testscript      - Executing storage://INPUT/testcase.xml
INFO  17/01/2011 03:14:32 Result          - Starting Result recording: Result {uri=storage://OUTPUT/testcase_result2.xml}
INFO  17/01/2011 03:14:32 Testscript      - Executing storage://INPUT/donothing.xml
INFO  17/01/2011 03:14:32 Result          - Stopping Result recording: Result {uri=storage://OUTPUT/testcase_result2.xml}
INFO  17/01/2011 03:14:32 Testscript      - Executing storage://INPUT/testcase.xml
INFO  17/01/2011 03:14:32 Result          - Starting Result recording: Result {uri=storage://OUTPUT/testcase_result2.xml}
INFO  17/01/2011 03:14:32 Testscript      - Executing storage://INPUT/donothing.xml
INFO  17/01/2011 03:14:33 Result          - Stopping Result recording: Result {uri=storage://OUTPUT/testcase_result2.xml}
INFO  17/01/2011 03:14:33 Result          - Stopping Result recording: Result {uri=storage://OUTPUT/results_output.${results.type}}
INFO  17/01/2011 03:14:33 Result          - Starting Result recording: Result {uri=storage://OUTPUT/results_output.${results.type}}
INFO  17/01/2011 03:14:33 Testsuite       - Starting results
INFO  17/01/2011 03:14:33 Testscript      - Executing storage://INPUT/testcase.xml
INFO  17/01/2011 03:14:33 Result          - Starting Result recording: Result {uri=storage://OUTPUT/testcase_result2.xml}
INFO  17/01/2011 03:14:33 Testscript      - Executing storage://INPUT/donothing.xml
INFO  17/01/2011 03:14:33 Result          - Stopping Result recording: Result {uri=storage://OUTPUT/testcase_result2.xml}
INFO  17/01/2011 03:14:33 Testscript      - Executing storage://INPUT/testcase.xml
INFO  17/01/2011 03:14:33 Result          - Starting Result recording: Result {uri=storage://OUTPUT/testcase_result2.xml}
INFO  17/01/2011 03:14:33 Testscript      - Executing storage://INPUT/donothing.xml
INFO  17/01/2011 03:14:33 Result          - Stopping Result recording: Result {uri=storage://OUTPUT/testcase_result2.xml}
INFO  17/01/2011 03:14:33 Testscript      - Executing storage://INPUT/testcase.xml
INFO  17/01/2011 03:14:33 Result          - Starting Result recording: Result {uri=storage://OUTPUT/testcase_result2.xml}
INFO  17/01/2011 03:14:33 Testscript      - Executing storage://INPUT/donothing.xml
INFO  17/01/2011 03:14:33 Result          - Stopping Result recording: Result {uri=storage://OUTPUT/testcase_result2.xml}
INFO  17/01/2011 03:14:33 Testscript      - Executing storage://INPUT/testsuite-sub.xml
INFO  17/01/2011 03:14:33 Testsuite       - Starting testsuite2
INFO  17/01/2011 03:14:33 Testscript      - Executing storage://INPUT/testcase.xml
INFO  17/01/2011 03:14:33 Result          - Starting Result recording: Result {uri=storage://OUTPUT/testcase_result2.xml}
INFO  17/01/2011 03:14:33 Testscript      - Executing storage://INPUT/donothing.xml
INFO  17/01/2011 03:14:33 Result          - Stopping Result recording: Result {uri=storage://OUTPUT/testcase_result2.xml}
INFO  17/01/2011 03:14:33 Testscript      - Executing storage://INPUT/testcase.xml
INFO  17/01/2011 03:14:33 Result          - Starting Result recording: Result {uri=storage://OUTPUT/testcase_result2.xml}
INFO  17/01/2011 03:14:33 Testscript      - Executing storage://INPUT/donothing.xml
INFO  17/01/2011 03:14:33 Result          - Stopping Result recording: Result {uri=storage://OUTPUT/testcase_result2.xml}
INFO  17/01/2011 03:14:33 Testscript      - Executing storage://INPUT/testcase.xml
INFO  17/01/2011 03:14:33 Result          - Starting Result recording: Result {uri=storage://OUTPUT/testcase_result2.xml}
INFO  17/01/2011 03:14:33 Testscript      - Executing storage://INPUT/donothing.xml
INFO  17/01/2011 03:14:33 Result          - Stopping Result recording: Result {uri=storage://OUTPUT/testcase_result2.xml}
INFO  17/01/2011 03:14:33 ConsoleResults  - Testsuite: results passed. 13 passed testcases.
INFO  17/01/2011 03:14:33 Result          - Stopping Result recording: Result {uri=storage://OUTPUT/results_output.${results.type}}
INFO  17/01/2011 03:14:33 Result          - Starting Result recording: Result {uri=storage://OUTPUT/results_output.${results.type}}
INFO  17/01/2011 03:14:33 Testsuite       - Starting results
INFO  17/01/2011 03:14:33 Testscript      - Executing storage://INPUT/testcase.xml
INFO  17/01/2011 03:14:33 Result          - Starting Result recording: Result {uri=storage://OUTPUT/testcase_result2.xml}
INFO  17/01/2011 03:14:33 Testscript      - Executing storage://INPUT/donothing.xml
INFO  17/01/2011 03:14:34 Result          - Stopping Result recording: Result {uri=storage://OUTPUT/testcase_result2.xml}
INFO  17/01/2011 03:14:34 Testscript      - Executing storage://INPUT/testcase.xml
INFO  17/01/2011 03:14:34 Result          - Starting Result recording: Result {uri=storage://OUTPUT/testcase_result2.xml}
INFO  17/01/2011 03:14:34 Testscript      - Executing storage://INPUT/donothing.xml
INFO  17/01/2011 03:14:34 Result          - Stopping Result recording: Result {uri=storage://OUTPUT/testcase_result2.xml}
INFO  17/01/2011 03:14:34 Testscript      - Executing storage://INPUT/testcase.xml
INFO  17/01/2011 03:14:34 Result          - Starting Result recording: Result {uri=storage://OUTPUT/testcase_result2.xml}
INFO  17/01/2011 03:14:34 Testscript      - Executing storage://INPUT/donothing.xml
INFO  17/01/2011 03:14:34 Result          - Stopping Result recording: Result {uri=storage://OUTPUT/testcase_result2.xml}
INFO  17/01/2011 03:14:34 Testscript      - Executing storage://INPUT/testsuite-sub.xml
INFO  17/01/2011 03:14:34 Testsuite       - Starting testsuite2
INFO  17/01/2011 03:14:34 Testscript      - Executing storage://INPUT/testcase.xml
INFO  17/01/2011 03:14:34 Result          - Starting Result recording: Result {uri=storage://OUTPUT/testcase_result2.xml}
INFO  17/01/2011 03:14:34 Testscript      - Executing storage://INPUT/donothing.xml
INFO  17/01/2011 03:14:34 Result          - Stopping Result recording: Result {uri=storage://OUTPUT/testcase_result2.xml}
INFO  17/01/2011 03:14:34 Testscript      - Executing storage://INPUT/testcase.xml
INFO  17/01/2011 03:14:34 Result          - Starting Result recording: Result {uri=storage://OUTPUT/testcase_result2.xml}
INFO  17/01/2011 03:14:34 Testscript      - Executing storage://INPUT/donothing.xml
INFO  17/01/2011 03:14:34 Result          - Stopping Result recording: Result {uri=storage://OUTPUT/testcase_result2.xml}
INFO  17/01/2011 03:14:34 Testscript      - Executing storage://INPUT/testcase.xml
INFO  17/01/2011 03:14:34 Result          - Starting Result recording: Result {uri=storage://OUTPUT/testcase_result2.xml}
INFO  17/01/2011 03:14:34 Testscript      - Executing storage://INPUT/donothing.xml
INFO  17/01/2011 03:14:34 Result          - Stopping Result recording: Result {uri=storage://OUTPUT/testcase_result2.xml}
INFO  17/01/2011 03:14:34 Result          - Stopping Result recording: Result {uri=storage://OUTPUT/results_output.${results.type}}
INFO  17/01/2011 03:14:34 Result          - Starting Result recording: Result {uri=storage://OUTPUT/results_result1.${results.type}}
INFO  17/01/2011 03:14:34 Testscript      - Executing storage://INPUT/testcase.xml
INFO  17/01/2011 03:14:34 Result          - Starting Result recording: Result {uri=storage://OUTPUT/testcase_result2.xml}
INFO  17/01/2011 03:14:34 Testscript      - Executing storage://INPUT/donothing.xml
INFO  17/01/2011 03:14:34 Result          - Stopping Result recording: Result {uri=storage://OUTPUT/testcase_result2.xml}
INFO  17/01/2011 03:14:34 Result          - Stopping Result recording: Result {uri=storage://OUTPUT/results_result1.${results.type}}
INFO  17/01/2011 03:14:34 Result          - Starting Result recording: Result {uri=storage://OUTPUT/results_result1.${results.type}}
INFO  17/01/2011 03:14:34 Testscript      - Executing storage://INPUT/testcase.xml
INFO  17/01/2011 03:14:34 Result          - Starting Result recording: Result {uri=storage://OUTPUT/testcase_result2.xml}
INFO  17/01/2011 03:14:34 Testscript      - Executing storage://INPUT/donothing.xml
INFO  17/01/2011 03:14:35 Result          - Stopping Result recording: Result {uri=storage://OUTPUT/testcase_result2.xml}
INFO  17/01/2011 03:14:35 Result          - Stopping Result recording: Result {uri=storage://OUTPUT/results_result1.${results.type}}
INFO  17/01/2011 03:14:35 Testscript      - Executing storage://INPUT/concurrent_suite.xml
INFO  17/01/2011 03:14:35 Result          - Starting Result recording: Result {uri=storage://OUTPUT/concurrent_suite_results.xml}
INFO  17/01/2011 03:14:35 Testsuite       - Starting concurrent_suite
INFO  17/01/2011 03:14:35 Testscript      - Executing storage://INPUT/empty.xml
INFO  17/01/2011 03:14:35 Testscript      - Executing storage://INPUT/empty.xml
INFO  17/01/2011 03:14:35 Testscript      - Executing storage://INPUT/empty.xml
INFO  17/01/2011 03:14:35 Testscript      - Executing storage://INPUT/empty.xml
INFO  17/01/2011 03:14:35 Testscript      - Executing storage://INPUT/empty.xml
INFO  17/01/2011 03:14:35 Testscript      - Executing storage://INPUT/empty.xml
INFO  17/01/2011 03:14:35 Testscript      - Executing storage://INPUT/empty.xml
INFO  17/01/2011 03:14:35 Testscript      - Executing storage://INPUT/empty.xml
INFO  17/01/2011 03:14:35 Testscript      - Executing storage://INPUT/empty.xml
INFO  17/01/2011 03:14:35 Testscript      - Executing storage://INPUT/empty.xml
INFO  17/01/2011 03:14:35 Result          - Stopping Result recording: Result {uri=storage://OUTPUT/concurrent_suite_results.xml}
INFO  17/01/2011 03:14:35 Testscript      - Executing storage://INPUT/stats.xml
INFO  17/01/2011 03:14:35 Resetcursor     - Resetting curosr [cursor1]
INFO  17/01/2011 03:14:35 Log             - Caught exception correctly [Cursor [inexistent] does not exist at tests/ut/stats.xml:71:10]
INFO  17/01/2011 03:14:35 Testscript      - Executing storage://INPUT/file.xml
INFO  17/01/2011 03:14:36 Rename          - Node name is dtfx-31
INFO  17/01/2011 03:14:36 Lockcomponent   - Locked dtfa-2 as DTFA1
INFO  17/01/2011 03:14:37 Log             - Caught expected failure.
INFO  17/01/2011 03:14:37 Testscript      - Executing storage://INPUT/http.xml
INFO  17/01/2011 03:14:37 Import          - Importing elements from Import {uri=storage://INPUT/http_util.xml}
INFO  17/01/2011 03:14:37 Http_server     - Starting [127.0.0.1:55555]
INFO  17/01/2011 03:14:38 Http_server     - Stopping [127.0.0.1:55555]
INFO  17/01/2011 03:14:38 Testscript      - Executing storage://INPUT/http_server.xml
INFO  17/01/2011 03:14:38 Import          - Importing elements from Import {uri=storage://INPUT/http_util.xml}
INFO  17/01/2011 03:14:38 Http_server     - Starting [127.0.0.1:44444]
INFO  17/01/2011 03:14:38 Log             - SOME DATA FROM THE CLIENT
INFO  17/01/2011 03:14:38 Log             - in operation1
INFO  17/01/2011 03:14:38 Log             - in operation2
INFO  17/01/2011 03:14:38 Log             - in operation3
INFO  17/01/2011 03:14:38 Log             - Validating that parallel cookie manipulation doesn't hit any issues 
INFO  17/01/2011 03:14:40 Http_server     - Stopping [127.0.0.1:44444]
INFO  17/01/2011 03:14:40 Http_server     - Starting [127.0.0.1:44445]
INFO  17/01/2011 03:14:40 Http_server     - Stopping [127.0.0.1:44445]
INFO  17/01/2011 03:14:40 Testscript      - Executing storage://INPUT/http_cleanup_test.xml
INFO  17/01/2011 03:14:40 Import          - Importing elements from Import {uri=storage://INPUT/http_util.xml}
INFO  17/01/2011 03:14:40 Rename          - Node name is dtfx-32
INFO  17/01/2011 03:14:40 Http_server     - Starting [127.0.0.1:33333]
INFO  17/01/2011 03:14:40 Lockcomponent   - Locked dtfa-1 as C1
INFO  17/01/2011 03:14:41 Lockcomponent   - Locked dtfa-0 as C2
INFO  17/01/2011 03:14:41 Unlockcomponent - Unlocking dtfa-1
ERROR 17/01/2011 03:14:41 Client closed connection.
org.apache.http.ConnectionClosedException: Client closed connection
	at org.apache.http.impl.io.HttpRequestParser.parseHead(HttpRequestParser.java:104)
	at org.apache.http.impl.io.AbstractMessageParser.parse(AbstractMessageParser.java:210)
	at org.apache.http.impl.AbstractHttpServerConnection.receiveRequestHeader(AbstractHttpServerConnection.java:232)
	at org.apache.http.protocol.HttpService.handleRequest(HttpService.java:160)
	at com.yahoo.dtf.actions.http.server.HTTPRunnable.run(HTTPRunnable.java:35)
	at java.util.concurrent.ThreadPoolExecutor$Worker.runTask(ThreadPoolExecutor.java:886)
	at java.util.concurrent.ThreadPoolExecutor$Worker.run(ThreadPoolExecutor.java:908)
	at java.lang.Thread.run(Thread.java:619)
INFO  17/01/2011 03:14:41 Unlockcomponent - Component unlocked C1
INFO  17/01/2011 03:14:41 Unlockcomponent - Unlocking dtfa-0
ERROR 17/01/2011 03:14:41 Client closed connection.
org.apache.http.ConnectionClosedException: Client closed connection
	at org.apache.http.impl.io.HttpRequestParser.parseHead(HttpRequestParser.java:104)
	at org.apache.http.impl.io.AbstractMessageParser.parse(AbstractMessageParser.java:210)
	at org.apache.http.impl.AbstractHttpServerConnection.receiveRequestHeader(AbstractHttpServerConnection.java:232)
	at org.apache.http.protocol.HttpService.handleRequest(HttpService.java:160)
	at com.yahoo.dtf.actions.http.server.HTTPRunnable.run(HTTPRunnable.java:35)
	at java.util.concurrent.ThreadPoolExecutor$Worker.runTask(ThreadPoolExecutor.java:886)
	at java.util.concurrent.ThreadPoolExecutor$Worker.run(ThreadPoolExecutor.java:908)
	at java.lang.Thread.run(Thread.java:619)
INFO  17/01/2011 03:14:41 Unlockcomponent - Component unlocked C2
INFO  17/01/2011 03:14:41 Lockcomponent   - Locked dtfa-0 as C1
INFO  17/01/2011 03:14:41 Lockcomponent   - Locked dtfa-1 as C2
INFO  17/01/2011 03:14:41 Unlockcomponent - Unlocking dtfa-0
ERROR 17/01/2011 03:14:41 Client closed connection.
org.apache.http.ConnectionClosedException: Client closed connection
	at org.apache.http.impl.io.HttpRequestParser.parseHead(HttpRequestParser.java:104)
	at org.apache.http.impl.io.AbstractMessageParser.parse(AbstractMessageParser.java:210)
	at org.apache.http.impl.AbstractHttpServerConnection.receiveRequestHeader(AbstractHttpServerConnection.java:232)
	at org.apache.http.protocol.HttpService.handleRequest(HttpService.java:160)
	at com.yahoo.dtf.actions.http.server.HTTPRunnable.run(HTTPRunnable.java:35)
	at java.util.concurrent.ThreadPoolExecutor$Worker.runTask(ThreadPoolExecutor.java:886)
	at java.util.concurrent.ThreadPoolExecutor$Worker.run(ThreadPoolExecutor.java:908)
	at java.lang.Thread.run(Thread.java:619)
INFO  17/01/2011 03:14:41 Unlockcomponent - Component unlocked C1
INFO  17/01/2011 03:14:41 Unlockcomponent - Unlocking dtfa-1
ERROR 17/01/2011 03:14:41 Client closed connection.
org.apache.http.ConnectionClosedException: Client closed connection
	at org.apache.http.impl.io.HttpRequestParser.parseHead(HttpRequestParser.java:104)
	at org.apache.http.impl.io.AbstractMessageParser.parse(AbstractMessageParser.java:210)
	at org.apache.http.impl.AbstractHttpServerConnection.receiveRequestHeader(AbstractHttpServerConnection.java:232)
	at org.apache.http.protocol.HttpService.handleRequest(HttpService.java:160)
	at com.yahoo.dtf.actions.http.server.HTTPRunnable.run(HTTPRunnable.java:35)
	at java.util.concurrent.ThreadPoolExecutor$Worker.runTask(ThreadPoolExecutor.java:886)
	at java.util.concurrent.ThreadPoolExecutor$Worker.run(ThreadPoolExecutor.java:908)
	at java.lang.Thread.run(Thread.java:619)
INFO  17/01/2011 03:14:41 Unlockcomponent - Component unlocked C2
INFO  17/01/2011 03:14:41 Http_server     - Stopping [127.0.0.1:33333]
INFO  17/01/2011 03:14:41 Testscript      - Executing storage://INPUT/string_manipulation.xml
INFO  17/01/2011 03:14:42 Testscript      - Executing storage://INPUT/string_transform.xml
INFO  17/01/2011 03:14:42 Testscript      - Executing storage://INPUT/convert.xml
INFO  17/01/2011 03:14:42 Import          - Importing elements from Import {uri=storage://INPUT/perfutil.xml}
INFO  17/01/2011 03:14:42 Testscript      - Executing storage://INPUT/arithmetic.xml
INFO  17/01/2011 03:14:42 Testscript      - Executing storage://INPUT/random.xml
INFO  17/01/2011 03:14:42 Import          - Importing elements from Import {uri=storage://INPUT/perfutil.xml}
INFO  17/01/2011 03:14:42 Log             - Correctness check for randomInt generator
INFO  17/01/2011 03:14:42 Log             - Correctness check for randomLong generator
INFO  17/01/2011 03:14:42 Log             - Correctness check for randomDouble generator
INFO  17/01/2011 03:14:42 Log             - Correctness check for gaussianLong generator
INFO  17/01/2011 03:14:42 Log             - Correctness check for randomInt generator
INFO  17/01/2011 03:14:42 Log             - Correctness check for randomLong generator
INFO  17/01/2011 03:14:42 Log             - Correctness check for randomDouble generator
INFO  17/01/2011 03:14:42 Log             - Correctness check for gaussianLong generator
INFO  17/01/2011 03:14:42 Log             - Correctness check for randomInt generator
INFO  17/01/2011 03:14:42 Log             - Correctness check for randomLong generator
INFO  17/01/2011 03:14:42 Log             - Correctness check for randomDouble generator
INFO  17/01/2011 03:14:42 Log             - Correctness check for gaussianLong generator
INFO  17/01/2011 03:14:42 Testscript      - Executing storage://INPUT/monitor.xml
INFO  17/01/2011 03:14:43 Rename          - Node name is dtfx-33
INFO  17/01/2011 03:14:43 Lockcomponent   - Locked dtfa-2 as AGENT1
INFO  17/01/2011 03:14:43 Monitor_grep    - New files [log-1295234083241.7, log-1295234083241.4, log-1295234083241.3, log-1295234083241.9, log-1295234083241.8, log-1295234083241.10, log-1295234083241.6, log-1295234083241.2, log-1295234083241.5, log-1295234083241.1] in /home/dtftest/build/dtf/build/dtf/dist/tests/ut/output
INFO  17/01/2011 03:14:43 Log             - Validating data correctness
INFO  17/01/2011 03:14:43 Testscript      - Executing storage://INPUT/diff.xml
INFO  17/01/2011 03:14:43 Testscript      - Executing storage://INPUT/xml_xpath.xml
INFO  17/01/2011 03:14:43 Log             - Correct count of 6 for XPath: //list/item/text()
INFO  17/01/2011 03:14:43 Log             - Correct count of 6 for XPath: //list/item/@att1
INFO  17/01/2011 03:14:43 Log             - Correct count of 6 for XPath: //list/item
INFO  17/01/2011 03:14:43 Log             - Correct count of 3 for XPath: //list/item[@att1 < 4]
INFO  17/01/2011 03:14:43 Testscript      - Executing storage://INPUT/xml_dynamic.xml
INFO  17/01/2011 03:14:44 Testscript      - Executing storage://INPUT/json_transform.xml
INFO  17/01/2011 03:14:44 Testscript      - Executing storage://INPUT/stream.xml
INFO  17/01/2011 03:14:44 Log             - Validate streams always generate the same data for the same seed.
INFO  17/01/2011 03:14:47 Testscript      - Executing storage://INPUT/assertions.xml
INFO  17/01/2011 03:14:47 Testscript      - Executing storage://INPUT/encoding.xml
INFO  17/01/2011 03:14:47 Testscript      - Executing storage://INPUT/special_characters.xml
INFO  17/01/2011 03:14:47 Testscript      - Executing storage://INPUT/testscript_component_complex.xml
INFO  17/01/2011 03:14:47 Testsuite       - Starting dummy
INFO  17/01/2011 03:14:47 Testscript      - Executing storage://INPUT/occupy_component.xml
INFO  17/01/2011 03:14:47 Rename          - Node name is dtfx-34
INFO  17/01/2011 03:14:47 Lockcomponent   - Locked dtfa-1 as C1
INFO  17/01/2011 03:14:47 Rename          - Node name is dtfx-35
INFO  17/01/2011 03:14:48 Lockcomponent   - Locked dtfa-1 as C1
INFO  17/01/2011 03:14:48 Lockcomponent   - Locked dtfa-0 as C2
INFO  17/01/2011 03:14:48 Testsuite       - Starting dummy
INFO  17/01/2011 03:14:48 Testscript      - Executing storage://INPUT/occupy_component.xml
INFO  17/01/2011 03:14:49 Rename          - Node name is dtfx-36
INFO  17/01/2011 03:14:49 Lockcomponent   - Locked dtfa-2 as C1
INFO  17/01/2011 03:14:49 Testscript      - Executing storage://INPUT/rendezvous.xml
INFO  17/01/2011 03:14:49 Log             - Expected timeout has occured.
INFO  17/01/2011 03:14:49 Testscript      - Executing storage://INPUT/rendezvous_complex.xml
INFO  17/01/2011 03:14:49 Rename          - Node name is dtfx-37
INFO  17/01/2011 03:14:50 Lockcomponent   - Locked dtfa-1 as C1
INFO  17/01/2011 03:14:50 Lockcomponent   - Locked dtfa-2 as C2
INFO  17/01/2011 03:14:51 Log             - rendezvous sync at 11
INFO  17/01/2011 03:14:52 Testscript      - Executing storage://INPUT/share.xml
INFO  17/01/2011 03:14:53 Import          - Importing elements from Import {uri=storage://INPUT/perfutil.xml}
INFO  17/01/2011 03:14:53 Rename          - Node name is dtfx-38
INFO  17/01/2011 03:14:53 Lockcomponent   - Locked dtfa-2 as PRODUCER
INFO  17/01/2011 03:14:53 Lockcomponent   - Locked dtfa-1 as CONSUMER
INFO  17/01/2011 03:14:53 Log             - event.start=1295234093889
INFO  17/01/2011 03:14:53 Log             - event.stop=1295234093889
INFO  17/01/2011 03:14:53 Testscript      - Executing storage://INPUT/share_complex.xml
INFO  17/01/2011 03:14:54 Rename          - Node name is dtfx-39
INFO  17/01/2011 03:14:54 Lockcomponent   - Locked dtfa-1 as C1
INFO  17/01/2011 03:14:54 Lockcomponent   - Locked dtfa-2 as C2
INFO  17/01/2011 03:14:54 Log             - share sync off by 6
INFO  17/01/2011 03:14:55 Testscript      - Executing storage://INPUT/scanf.xml
INFO  17/01/2011 03:14:55 Import          - Importing elements from Import {uri=storage://INPUT/perfutil.xml}
INFO  17/01/2011 03:14:55 Testscript      - Executing storage://INPUT/printf.xml
INFO  17/01/2011 03:14:55 Log             - INTEGER[23] STRING[Hello There!] FLOAT [1.23] LIST [1,2,3,4]
INFO  17/01/2011 03:14:55 Log             - 1.23456 -- reduce precision to .2 -> 1.23
INFO  17/01/2011 03:14:55 Log             - 1 -- pad the number to 3 digits -> 001
INFO  17/01/2011 03:14:55 Log             - 10 -- convert to hex and pad to 4 digits -> 000a
INFO  17/01/2011 03:14:55 Testscript      - Executing storage://INPUT/read_image.xml
INFO  17/01/2011 03:14:55 Log             - png: being checked
INFO  17/01/2011 03:14:55 Log             - gif: being checked
INFO  17/01/2011 03:14:55 Log             - bmp: being checked
ERROR 17/01/2011 03:14:55 Testscript failed.
com.yahoo.dtf.exception.AssertionException: Assertion failed [Duration was longer than 300ms by 10% at 366ms] at tests/ut/distribute.xml:148:82
	at com.yahoo.dtf.actions.flowcontrol.Assert.execute(Assert.java:44)
	at com.yahoo.dtf.actions.Action.executeChildren(Action.java:192)
	at com.yahoo.dtf.actions.basic.Script.execute(Script.java:50)
	at com.yahoo.dtf.actions.util.ScriptUtil.executeScript(ScriptUtil.java:49)
	at com.yahoo.dtf.actions.basic.Testscript.execute(Testscript.java:72)
	at com.yahoo.dtf.actions.Action.executeChildren(Action.java:192)
	at com.yahoo.dtf.actions.basic.Testsuite.execute(Testsuite.java:93)
	at com.yahoo.dtf.actions.Action.executeChildren(Action.java:192)
	at com.yahoo.dtf.actions.results.Result.execute(Result.java:99)
	at com.yahoo.dtf.actions.Action.executeChildren(Action.java:192)
	at com.yahoo.dtf.actions.basic.Script.execute(Script.java:50)
	at com.yahoo.dtf.actions.util.ScriptUtil.executeScript(ScriptUtil.java:49)
	at com.yahoo.dtf.DTFNode.run(DTFNode.java:405)
	at com.yahoo.dtf.DTFNode.main(DTFNode.java:551)
